This file contains any messages produced by compilers while
running configure, to aid debugging if configure makes a mistake.

It was created by fftw configure 3.3.5, which was
generated by GNU Autoconf 2.69.  Invocation command line was

  $ ./configure 

## --------- ##
## Platform. ##
## --------- ##

hostname = idong-gyuui-MacBook-Pro-4.local
uname -m = x86_64
uname -r = 16.0.0
uname -s = Darwin
uname -v = Darwin Kernel Version 16.0.0: Mon Aug 29 17:56:20 PDT 2016; root:xnu-3789.1.32~3/RELEASE_X86_64

/usr/bin/uname -p = i386
/bin/uname -X     = unknown

/bin/arch              = unknown
/usr/bin/arch -k       = unknown
/usr/convex/getsysinfo = unknown
/usr/bin/hostinfo      = Mach kernel version:
	 Darwin Kernel Version 16.0.0: Mon Aug 29 17:56:20 PDT 2016; root:xnu-3789.1.32~3/RELEASE_X86_64
Kernel configured for up to 4 processors.
2 processors are physically available.
4 processors are logically available.
Processor type: x86_64h (Intel x86-64h Haswell)
Processors active: 0 1 2 3
Primary memory available: 8.00 gigabytes
Default processor set: 326 tasks, 1739 threads, 4 processors
Load average: 1.63, Mach factor: 2.38
/bin/machine           = unknown
/usr/bin/oslevel       = unknown
/bin/universe          = unknown

PATH: /Library/Developer/Toolchains/swift-latest.xctoolchain/usr/bin
PATH: /Users/IronFactory/.gem/bin
PATH: /usr/local/mysql/bin
PATH: /usr/local/bin
PATH: /Library/Frameworks/Python.framework/Versions/3.4/bin
PATH: /usr/local/opt/pyenv/shims
PATH: /usr/local/bin
PATH: /usr/bin
PATH: /bin
PATH: /usr/sbin
PATH: /sbin
PATH: /usr/local/git/bin
PATH: /usr/local/go/bin
PATH: /Users/IronFactory/Library/Android/sdk/platform-tools
PATH: /Users/IronFactory/Library/Android/sdk/tools
PATH: /usr/local/mysql/bin
PATH: DEVELOPMENT
PATH: http
PATH: //127.0.0.1
PATH: 8080
PATH: 23ca1242747ffe64e991d01e69330e94b9af02baf7d476215723c516f1f45b7e254af0df395713ccedc0c3eaf84300d8
PATH: localhost
PATH: 3306
PATH: yourssuadmin
PATH: yourssu14dev
PATH: community
PATH: developer
PATH: True
PATH: yourssu.auth@gmail.com
PATH: DBdjtb1602@&
PATH: AKIAJJ6NJGOOT7MKUEAQ
PATH: NQW6Uy2aA1dD701OyYQtoWjZBxn011EjEzwHs3FE
PATH: ap-northeast-1
PATH: 6LcGrQYTAAAAAI0n5aWAG3384QwYFqdqs2sOnWo0
PATH: access token of account
PATH: http
PATH: //localhost
PATH: 8081
PATH: mapobridge-HHkxpL
PATH: 6d703e53d43c6add1acdeea2c73272a522cc33db6e2459676064ade79f8432b7
PATH: xterm
PATH: /Users/IronFactory/Go//bin


## ----------- ##
## Core tests. ##
## ----------- ##

configure:2796: checking for a BSD-compatible install
configure:2864: result: /usr/bin/install -c
configure:2875: checking whether build environment is sane
configure:2930: result: yes
configure:3081: checking for a thread-safe mkdir -p
configure:3120: result: ./install-sh -c -d
configure:3127: checking for gawk
configure:3157: result: no
configure:3127: checking for mawk
configure:3157: result: no
configure:3127: checking for nawk
configure:3157: result: no
configure:3127: checking for awk
configure:3143: found /usr/bin/awk
configure:3154: result: awk
configure:3165: checking whether make sets $(MAKE)
configure:3187: result: yes
configure:3216: checking whether make supports nested variables
configure:3233: result: yes
configure:3363: checking whether to enable maintainer-specific portions of Makefiles
configure:3372: result: no
configure:3420: checking build system type
configure:3434: result: x86_64-apple-darwin16.0.0
configure:3454: checking host system type
configure:3467: result: x86_64-apple-darwin16.0.0
configure:4099: checking for gcc
configure:4115: found /usr/bin/gcc
configure:4126: result: gcc
configure:4355: checking for C compiler version
configure:4364: gcc --version >&5
Apple LLVM version 8.0.0 (clang-800.0.38)
Target: x86_64-apple-darwin16.0.0
Thread model: posix
InstalledDir: /Applications/Xcode.app/Contents/Developer/Toolchains/XcodeDefault.xctoolchain/usr/bin
Configured with: --prefix=/Applications/Xcode.app/Contents/Developer/usr --with-gxx-include-dir=/Applications/Xcode.app/Contents/Developer/Platforms/MacOSX.platform/Developer/SDKs/MacOSX10.12.sdk/usr/include/c++/4.2.1
configure:4375: $? = 0
configure:4364: gcc -v >&5
Configured with: --prefix=/Applications/Xcode.app/Contents/Developer/usr --with-gxx-include-dir=/Applications/Xcode.app/Contents/Developer/Platforms/MacOSX.platform/Developer/SDKs/MacOSX10.12.sdk/usr/include/c++/4.2.1
Apple LLVM version 8.0.0 (clang-800.0.38)
Target: x86_64-apple-darwin16.0.0
Thread model: posix
InstalledDir: /Applications/Xcode.app/Contents/Developer/Toolchains/XcodeDefault.xctoolchain/usr/bin
configure:4375: $? = 0
configure:4364: gcc -V >&5
clang: error: argument to '-V' is missing (expected 1 value)
clang: error: no input files
configure:4375: $? = 1
configure:4364: gcc -qversion >&5
clang: error: unknown argument: '-qversion'
clang: error: no input files
configure:4375: $? = 1
configure:4395: checking whether the C compiler works
configure:4417: gcc    conftest.c  >&5
configure:4421: $? = 0
configure:4469: result: yes
configure:4472: checking for C compiler default output file name
configure:4474: result: a.out
configure:4480: checking for suffix of executables
configure:4487: gcc -o conftest    conftest.c  >&5
configure:4491: $? = 0
configure:4513: result: 
configure:4535: checking whether we are cross compiling
configure:4543: gcc -o conftest    conftest.c  >&5
configure:4547: $? = 0
configure:4554: ./conftest
configure:4558: $? = 0
configure:4573: result: no
configure:4578: checking for suffix of object files
configure:4600: gcc -c   conftest.c >&5
configure:4604: $? = 0
configure:4625: result: o
configure:4629: checking whether we are using the GNU C compiler
configure:4648: gcc -c   conftest.c >&5
configure:4648: $? = 0
configure:4657: result: yes
configure:4666: checking whether gcc accepts -g
configure:4686: gcc -c -g  conftest.c >&5
configure:4686: $? = 0
configure:4727: result: yes
configure:4744: checking for gcc option to accept ISO C89
configure:4807: gcc  -c -g -O2  conftest.c >&5
configure:4807: $? = 0
configure:4820: result: none needed
configure:4845: checking whether gcc understands -c and -o together
configure:4867: gcc -c conftest.c -o conftest2.o
configure:4870: $? = 0
configure:4867: gcc -c conftest.c -o conftest2.o
configure:4870: $? = 0
configure:4882: result: yes
configure:4910: checking for style of include used by make
configure:4938: result: GNU
configure:4964: checking dependency style of gcc
configure:5075: result: gcc3
configure:5093: checking for C compiler vendor
configure:5117: gcc -c -g -O2  conftest.c >&5
conftest.c:18:7: error: use of undeclared identifier 'thisisanerror'
      thisisanerror;
      ^
1 error generated.
configure:5117: $? = 1
configure: failed program was:
| /* confdefs.h */
| #define PACKAGE_NAME "fftw"
| #define PACKAGE_TARNAME "fftw"
| #define PACKAGE_VERSION "3.3.5"
| #define PACKAGE_STRING "fftw 3.3.5"
| #define PACKAGE_BUGREPORT "fftw@fftw.org"
| #define PACKAGE_URL ""
| #define PACKAGE "fftw"
| #define VERSION "3.3.5"
| #define FFTW_ENABLE_ALLOCA 1
| /* end confdefs.h.  */
| 
| int
| main ()
| {
| 
| #if !(defined(__ICC) || defined(__ECC) || defined(__INTEL_COMPILER))
|       thisisanerror;
| #endif
| 
|   ;
|   return 0;
| }
configure:5117: gcc -c -g -O2  conftest.c >&5
conftest.c:18:7: error: use of undeclared identifier 'thisisanerror'
      thisisanerror;
      ^
1 error generated.
configure:5117: $? = 1
configure: failed program was:
| /* confdefs.h */
| #define PACKAGE_NAME "fftw"
| #define PACKAGE_TARNAME "fftw"
| #define PACKAGE_VERSION "3.3.5"
| #define PACKAGE_STRING "fftw 3.3.5"
| #define PACKAGE_BUGREPORT "fftw@fftw.org"
| #define PACKAGE_URL ""
| #define PACKAGE "fftw"
| #define VERSION "3.3.5"
| #define FFTW_ENABLE_ALLOCA 1
| /* end confdefs.h.  */
| 
| int
| main ()
| {
| 
| #if !(defined(__ibmxl__) || defined(__xlc__) || defined(__xlC__) || defined(__IBMC__) || defined(__IBMCPP__))
|       thisisanerror;
| #endif
| 
|   ;
|   return 0;
| }
configure:5117: gcc -c -g -O2  conftest.c >&5
conftest.c:18:7: error: use of undeclared identifier 'thisisanerror'
      thisisanerror;
      ^
1 error generated.
configure:5117: $? = 1
configure: failed program was:
| /* confdefs.h */
| #define PACKAGE_NAME "fftw"
| #define PACKAGE_TARNAME "fftw"
| #define PACKAGE_VERSION "3.3.5"
| #define PACKAGE_STRING "fftw 3.3.5"
| #define PACKAGE_BUGREPORT "fftw@fftw.org"
| #define PACKAGE_URL ""
| #define PACKAGE "fftw"
| #define VERSION "3.3.5"
| #define FFTW_ENABLE_ALLOCA 1
| /* end confdefs.h.  */
| 
| int
| main ()
| {
| 
| #if !(defined(__PATHCC__) || defined(__PATHSCALE__))
|       thisisanerror;
| #endif
| 
|   ;
|   return 0;
| }
configure:5117: gcc -c -g -O2  conftest.c >&5
configure:5117: $? = 0
configure:5124: result: clang
configure:5131: checking for gcc option to accept ISO C99
configure:5280: gcc  -c -g -O2  conftest.c >&5
configure:5280: $? = 0
configure:5293: result: none needed
configure:5401: checking for gcc option to accept ISO Standard C
configure:5412: result: none needed
configure:5420: checking whether ln -s works
configure:5424: result: yes
configure:5431: checking whether make sets $(MAKE)
configure:5453: result: yes
configure:5811: checking how to print strings
configure:5838: result: printf
configure:5859: checking for a sed that does not truncate output
configure:5923: result: /usr/bin/sed
configure:5941: checking for grep that handles long lines and -e
configure:5999: result: /usr/bin/grep
configure:6004: checking for egrep
configure:6066: result: /usr/bin/grep -E
configure:6071: checking for fgrep
configure:6133: result: /usr/bin/grep -F
configure:6168: checking for ld used by gcc
configure:6235: result: /Applications/Xcode.app/Contents/Developer/Toolchains/XcodeDefault.xctoolchain/usr/bin/ld
configure:6242: checking if the linker (/Applications/Xcode.app/Contents/Developer/Toolchains/XcodeDefault.xctoolchain/usr/bin/ld) is GNU ld
configure:6257: result: no
configure:6269: checking for BSD- or MS-compatible name lister (nm)
configure:6318: result: /usr/bin/nm -B
configure:6448: checking the name lister (/usr/bin/nm -B) interface
configure:6455: gcc -c -g -O2  conftest.c >&5
configure:6458: /usr/bin/nm -B "conftest.o"
configure:6461: output
0000000000000210 S _some_variable
configure:6468: result: BSD nm
configure:6472: checking the maximum length of command line arguments
configure:6603: result: 196608
configure:6620: checking whether the shell understands some XSI constructs
configure:6630: result: yes
configure:6634: checking whether the shell understands "+="
configure:6640: result: yes
configure:6675: checking how to convert x86_64-apple-darwin16.0.0 file names to x86_64-apple-darwin16.0.0 format
configure:6715: result: func_convert_file_noop
configure:6722: checking how to convert x86_64-apple-darwin16.0.0 file names to toolchain format
configure:6742: result: func_convert_file_noop
configure:6749: checking for /Applications/Xcode.app/Contents/Developer/Toolchains/XcodeDefault.xctoolchain/usr/bin/ld option to reload object files
configure:6756: result: -r
configure:6830: checking for objdump
configure:6857: result: objdump
configure:6886: checking how to recognize dependent libraries
configure:7084: result: pass_all
configure:7169: checking for dlltool
configure:7196: result: dlltool
configure:7226: checking how to associate runtime and link libraries
configure:7253: result: printf %s\n
configure:7313: checking for ar
configure:7329: found /usr/bin/ar
configure:7340: result: ar
configure:7377: checking for archiver @FILE support
configure:7394: gcc -c -g -O2  conftest.c >&5
configure:7394: $? = 0
configure:7397: ar cru libconftest.a @conftest.lst >&5
ar: @conftest.lst: No such file or directory
configure:7400: $? = 1
configure:7420: result: no
configure:7478: checking for strip
configure:7494: found /usr/bin/strip
configure:7505: result: strip
configure:7577: checking for ranlib
configure:7593: found /usr/bin/ranlib
configure:7604: result: ranlib
configure:7706: checking command to parse /usr/bin/nm -B output from gcc object
configure:7826: gcc -c -g -O2  conftest.c >&5
configure:7829: $? = 0
configure:7833: /usr/bin/nm -B conftest.o \| sed -n -e 's/^.*[ ]\([BCDEGRST][BCDEGRST]*\)[ ][ ]*\([_A-Za-z][_A-Za-z0-9]*\)$/\1 \2 \2/p' | sed '/ __gnu_lto/d' \> conftest.nm
configure:7836: $? = 0
cannot find nm_test_var in conftest.nm
configure:7826: gcc -c -g -O2  conftest.c >&5
configure:7829: $? = 0
configure:7833: /usr/bin/nm -B conftest.o \| sed -n -e 's/^.*[ ]\([BCDEGRST][BCDEGRST]*\)[ ][ ]*_\([_A-Za-z][_A-Za-z0-9]*\)$/\1 _\2 \2/p' | sed '/ __gnu_lto/d' \> conftest.nm
configure:7836: $? = 0
configure:7902: gcc -o conftest -g -O2   conftest.c conftstm.o >&5
warning: (x86_64)  could not find object file symbol for symbol _main
configure:7905: $? = 0
configure:7943: result: ok
configure:7980: checking for sysroot
configure:8010: result: no
configure:8279: checking for mt
configure:8309: result: no
configure:8329: checking if : is a manifest tool
configure:8335: : '-?'
configure:8343: result: no
configure:8399: checking for dsymutil
configure:8415: found /usr/bin/dsymutil
configure:8426: result: dsymutil
configure:8491: checking for nmedit
configure:8507: found /usr/bin/nmedit
configure:8518: result: nmedit
configure:8583: checking for lipo
configure:8599: found /usr/bin/lipo
configure:8610: result: lipo
configure:8675: checking for otool
configure:8691: found /usr/bin/otool
configure:8702: result: otool
configure:8767: checking for otool64
configure:8797: result: no
configure:8842: checking for -single_module linker flag
gcc -g -O2  -o libconftest.dylib -dynamiclib -Wl,-single_module conftest.c
configure:8875: result: yes
configure:8878: checking for -exported_symbols_list linker flag
configure:8898: gcc -o conftest -g -O2   -Wl,-exported_symbols_list,conftest.sym conftest.c  >&5
configure:8898: $? = 0
configure:8908: result: yes
configure:8911: checking for -force_load linker flag
gcc -g -O2 -c -o conftest.o conftest.c
ar cru libconftest.a conftest.o
ranlib libconftest.a
gcc -g -O2  -o conftest conftest.c -Wl,-force_load,./libconftest.a
configure:8943: result: yes
configure:8985: checking how to run the C preprocessor
configure:9016: gcc -E  conftest.c
configure:9016: $? = 0
configure:9030: gcc -E  conftest.c
conftest.c:12:10: fatal error: 'ac_nonexistent.h' file not found
#include <ac_nonexistent.h>
         ^
1 error generated.
configure:9030: $? = 1
configure: failed program was:
| /* confdefs.h */
| #define PACKAGE_NAME "fftw"
| #define PACKAGE_TARNAME "fftw"
| #define PACKAGE_VERSION "3.3.5"
| #define PACKAGE_STRING "fftw 3.3.5"
| #define PACKAGE_BUGREPORT "fftw@fftw.org"
| #define PACKAGE_URL ""
| #define PACKAGE "fftw"
| #define VERSION "3.3.5"
| #define FFTW_ENABLE_ALLOCA 1
| /* end confdefs.h.  */
| #include <ac_nonexistent.h>
configure:9055: result: gcc -E
configure:9075: gcc -E  conftest.c
configure:9075: $? = 0
configure:9089: gcc -E  conftest.c
conftest.c:12:10: fatal error: 'ac_nonexistent.h' file not found
#include <ac_nonexistent.h>
         ^
1 error generated.
configure:9089: $? = 1
configure: failed program was:
| /* confdefs.h */
| #define PACKAGE_NAME "fftw"
| #define PACKAGE_TARNAME "fftw"
| #define PACKAGE_VERSION "3.3.5"
| #define PACKAGE_STRING "fftw 3.3.5"
| #define PACKAGE_BUGREPORT "fftw@fftw.org"
| #define PACKAGE_URL ""
| #define PACKAGE "fftw"
| #define VERSION "3.3.5"
| #define FFTW_ENABLE_ALLOCA 1
| /* end confdefs.h.  */
| #include <ac_nonexistent.h>
configure:9118: checking for ANSI C header files
configure:9138: gcc -c -g -O2  conftest.c >&5
configure:9138: $? = 0
configure:9211: gcc -o conftest -g -O2   conftest.c  >&5
configure:9211: $? = 0
configure:9211: ./conftest
configure:9211: $? = 0
configure:9222: result: yes
configure:9235: checking for sys/types.h
configure:9235: gcc -c -g -O2  conftest.c >&5
configure:9235: $? = 0
configure:9235: result: yes
configure:9235: checking for sys/stat.h
configure:9235: gcc -c -g -O2  conftest.c >&5
configure:9235: $? = 0
configure:9235: result: yes
configure:9235: checking for stdlib.h
configure:9235: gcc -c -g -O2  conftest.c >&5
configure:9235: $? = 0
configure:9235: result: yes
configure:9235: checking for string.h
configure:9235: gcc -c -g -O2  conftest.c >&5
configure:9235: $? = 0
configure:9235: result: yes
configure:9235: checking for memory.h
configure:9235: gcc -c -g -O2  conftest.c >&5
configure:9235: $? = 0
configure:9235: result: yes
configure:9235: checking for strings.h
configure:9235: gcc -c -g -O2  conftest.c >&5
configure:9235: $? = 0
configure:9235: result: yes
configure:9235: checking for inttypes.h
configure:9235: gcc -c -g -O2  conftest.c >&5
configure:9235: $? = 0
configure:9235: result: yes
configure:9235: checking for stdint.h
configure:9235: gcc -c -g -O2  conftest.c >&5
configure:9235: $? = 0
configure:9235: result: yes
configure:9235: checking for unistd.h
configure:9235: gcc -c -g -O2  conftest.c >&5
configure:9235: $? = 0
configure:9235: result: yes
configure:9249: checking for dlfcn.h
configure:9249: gcc -c -g -O2  conftest.c >&5
configure:9249: $? = 0
configure:9249: result: yes
configure:9423: checking for objdir
configure:9438: result: .libs
configure:9709: checking if gcc supports -fno-rtti -fno-exceptions
configure:9727: gcc -c -g -O2  -fno-rtti -fno-exceptions conftest.c >&5
configure:9731: $? = 0
configure:9744: result: yes
configure:10071: checking for gcc option to produce PIC
configure:10078: result: -fno-common -DPIC
configure:10086: checking if gcc PIC flag -fno-common -DPIC works
configure:10104: gcc -c -g -O2  -fno-common -DPIC -DPIC conftest.c >&5
configure:10108: $? = 0
configure:10121: result: yes
configure:10150: checking if gcc static flag -static works
configure:10178: result: no
configure:10193: checking if gcc supports -c -o file.o
configure:10214: gcc -c -g -O2  -o out/conftest2.o conftest.c >&5
configure:10218: $? = 0
configure:10240: result: yes
configure:10248: checking if gcc supports -c -o file.o
configure:10295: result: yes
configure:10328: checking whether the gcc linker (/Applications/Xcode.app/Contents/Developer/Toolchains/XcodeDefault.xctoolchain/usr/bin/ld) supports shared libraries
configure:11485: result: yes
configure:11725: checking dynamic linker characteristics
configure:12459: result: darwin16.0.0 dyld
configure:12566: checking how to hardcode library paths into programs
configure:12591: result: immediate
configure:13131: checking whether stripping libraries is possible
configure:13145: result: yes
configure:13171: checking if libtool supports shared libraries
configure:13173: result: yes
configure:13176: checking whether to build shared libraries
configure:13197: result: no
configure:13200: checking whether to build static libraries
configure:13204: result: yes
configure:13244: checking for ocamlbuild
configure:13274: result: no
configure:13743: checking whether C compiler accepts -mtune=native
configure:13762: gcc -c -mtune=native  conftest.c >&5
configure:13762: $? = 0
configure:13772: result: yes
configure:13780: checking whether C compiler accepts -fstrict-aliasing
configure:13799: gcc -c -fstrict-aliasing  conftest.c >&5
configure:13799: $? = 0
configure:13809: result: yes
configure:13817: checking whether C compiler accepts -ffast-math
configure:13836: gcc -c -ffast-math  conftest.c >&5
configure:13836: $? = 0
configure:13846: result: yes
configure:14228: checking whether C compiler accepts -O3 -fomit-frame-pointer -mtune=native -fstrict-aliasing -ffast-math
configure:14243: gcc -c -O3 -fomit-frame-pointer -mtune=native -fstrict-aliasing -ffast-math  conftest.c >&5
configure:14243: $? = 0
configure:14251: result: yes
configure:15249: checking for ANSI C header files
configure:15353: result: yes
configure:15364: checking libintl.h usability
configure:15364: gcc -c -O3 -fomit-frame-pointer -mtune=native -fstrict-aliasing -ffast-math  conftest.c >&5
conftest.c:58:10: fatal error: 'libintl.h' file not found
#include <libintl.h>
         ^
1 error generated.
configure:15364: $? = 1
configure: failed program was:
| /* confdefs.h */
| #define PACKAGE_NAME "fftw"
| #define PACKAGE_TARNAME "fftw"
| #define PACKAGE_VERSION "3.3.5"
| #define PACKAGE_STRING "fftw 3.3.5"
| #define PACKAGE_BUGREPORT "fftw@fftw.org"
| #define PACKAGE_URL ""
| #define PACKAGE "fftw"
| #define VERSION "3.3.5"
| #define FFTW_ENABLE_ALLOCA 1
| #define STDC_HEADERS 1
| #define HAVE_SYS_TYPES_H 1
| #define HAVE_SYS_STAT_H 1
| #define HAVE_STDLIB_H 1
| #define HAVE_STRING_H 1
| #define HAVE_MEMORY_H 1
| #define HAVE_STRINGS_H 1
| #define HAVE_INTTYPES_H 1
| #define HAVE_STDINT_H 1
| #define HAVE_UNISTD_H 1
| #define HAVE_DLFCN_H 1
| #define LT_OBJDIR ".libs/"
| #define STDC_HEADERS 1
| /* end confdefs.h.  */
| #include <stdio.h>
| #ifdef HAVE_SYS_TYPES_H
| # include <sys/types.h>
| #endif
| #ifdef HAVE_SYS_STAT_H
| # include <sys/stat.h>
| #endif
| #ifdef STDC_HEADERS
| # include <stdlib.h>
| # include <stddef.h>
| #else
| # ifdef HAVE_STDLIB_H
| #  include <stdlib.h>
| # endif
| #endif
| #ifdef HAVE_STRING_H
| # if !defined STDC_HEADERS && defined HAVE_MEMORY_H
| #  include <memory.h>
| # endif
| # include <string.h>
| #endif
| #ifdef HAVE_STRINGS_H
| # include <strings.h>
| #endif
| #ifdef HAVE_INTTYPES_H
| # include <inttypes.h>
| #endif
| #ifdef HAVE_STDINT_H
| # include <stdint.h>
| #endif
| #ifdef HAVE_UNISTD_H
| # include <unistd.h>
| #endif
| #include <libintl.h>
configure:15364: result: no
configure:15364: checking libintl.h presence
configure:15364: gcc -E  conftest.c
conftest.c:25:10: fatal error: 'libintl.h' file not found
#include <libintl.h>
         ^
1 error generated.
configure:15364: $? = 1
configure: failed program was:
| /* confdefs.h */
| #define PACKAGE_NAME "fftw"
| #define PACKAGE_TARNAME "fftw"
| #define PACKAGE_VERSION "3.3.5"
| #define PACKAGE_STRING "fftw 3.3.5"
| #define PACKAGE_BUGREPORT "fftw@fftw.org"
| #define PACKAGE_URL ""
| #define PACKAGE "fftw"
| #define VERSION "3.3.5"
| #define FFTW_ENABLE_ALLOCA 1
| #define STDC_HEADERS 1
| #define HAVE_SYS_TYPES_H 1
| #define HAVE_SYS_STAT_H 1
| #define HAVE_STDLIB_H 1
| #define HAVE_STRING_H 1
| #define HAVE_MEMORY_H 1
| #define HAVE_STRINGS_H 1
| #define HAVE_INTTYPES_H 1
| #define HAVE_STDINT_H 1
| #define HAVE_UNISTD_H 1
| #define HAVE_DLFCN_H 1
| #define LT_OBJDIR ".libs/"
| #define STDC_HEADERS 1
| /* end confdefs.h.  */
| #include <libintl.h>
configure:15364: result: no
configure:15364: checking for libintl.h
configure:15364: result: no
configure:15364: checking malloc.h usability
configure:15364: gcc -c -O3 -fomit-frame-pointer -mtune=native -fstrict-aliasing -ffast-math  conftest.c >&5
conftest.c:58:10: fatal error: 'malloc.h' file not found
#include <malloc.h>
         ^
1 error generated.
configure:15364: $? = 1
configure: failed program was:
| /* confdefs.h */
| #define PACKAGE_NAME "fftw"
| #define PACKAGE_TARNAME "fftw"
| #define PACKAGE_VERSION "3.3.5"
| #define PACKAGE_STRING "fftw 3.3.5"
| #define PACKAGE_BUGREPORT "fftw@fftw.org"
| #define PACKAGE_URL ""
| #define PACKAGE "fftw"
| #define VERSION "3.3.5"
| #define FFTW_ENABLE_ALLOCA 1
| #define STDC_HEADERS 1
| #define HAVE_SYS_TYPES_H 1
| #define HAVE_SYS_STAT_H 1
| #define HAVE_STDLIB_H 1
| #define HAVE_STRING_H 1
| #define HAVE_MEMORY_H 1
| #define HAVE_STRINGS_H 1
| #define HAVE_INTTYPES_H 1
| #define HAVE_STDINT_H 1
| #define HAVE_UNISTD_H 1
| #define HAVE_DLFCN_H 1
| #define LT_OBJDIR ".libs/"
| #define STDC_HEADERS 1
| /* end confdefs.h.  */
| #include <stdio.h>
| #ifdef HAVE_SYS_TYPES_H
| # include <sys/types.h>
| #endif
| #ifdef HAVE_SYS_STAT_H
| # include <sys/stat.h>
| #endif
| #ifdef STDC_HEADERS
| # include <stdlib.h>
| # include <stddef.h>
| #else
| # ifdef HAVE_STDLIB_H
| #  include <stdlib.h>
| # endif
| #endif
| #ifdef HAVE_STRING_H
| # if !defined STDC_HEADERS && defined HAVE_MEMORY_H
| #  include <memory.h>
| # endif
| # include <string.h>
| #endif
| #ifdef HAVE_STRINGS_H
| # include <strings.h>
| #endif
| #ifdef HAVE_INTTYPES_H
| # include <inttypes.h>
| #endif
| #ifdef HAVE_STDINT_H
| # include <stdint.h>
| #endif
| #ifdef HAVE_UNISTD_H
| # include <unistd.h>
| #endif
| #include <malloc.h>
configure:15364: result: no
configure:15364: checking malloc.h presence
configure:15364: gcc -E  conftest.c
conftest.c:25:10: fatal error: 'malloc.h' file not found
#include <malloc.h>
         ^
1 error generated.
configure:15364: $? = 1
configure: failed program was:
| /* confdefs.h */
| #define PACKAGE_NAME "fftw"
| #define PACKAGE_TARNAME "fftw"
| #define PACKAGE_VERSION "3.3.5"
| #define PACKAGE_STRING "fftw 3.3.5"
| #define PACKAGE_BUGREPORT "fftw@fftw.org"
| #define PACKAGE_URL ""
| #define PACKAGE "fftw"
| #define VERSION "3.3.5"
| #define FFTW_ENABLE_ALLOCA 1
| #define STDC_HEADERS 1
| #define HAVE_SYS_TYPES_H 1
| #define HAVE_SYS_STAT_H 1
| #define HAVE_STDLIB_H 1
| #define HAVE_STRING_H 1
| #define HAVE_MEMORY_H 1
| #define HAVE_STRINGS_H 1
| #define HAVE_INTTYPES_H 1
| #define HAVE_STDINT_H 1
| #define HAVE_UNISTD_H 1
| #define HAVE_DLFCN_H 1
| #define LT_OBJDIR ".libs/"
| #define STDC_HEADERS 1
| /* end confdefs.h.  */
| #include <malloc.h>
configure:15364: result: no
configure:15364: checking for malloc.h
configure:15364: result: no
configure:15364: checking stddef.h usability
configure:15364: gcc -c -O3 -fomit-frame-pointer -mtune=native -fstrict-aliasing -ffast-math  conftest.c >&5
configure:15364: $? = 0
configure:15364: result: yes
configure:15364: checking stddef.h presence
configure:15364: gcc -E  conftest.c
configure:15364: $? = 0
configure:15364: result: yes
configure:15364: checking for stddef.h
configure:15364: result: yes
configure:15364: checking for stdlib.h
configure:15364: result: yes
configure:15364: checking for string.h
configure:15364: result: yes
configure:15364: checking for strings.h
configure:15364: result: yes
configure:15364: checking sys/time.h usability
configure:15364: gcc -c -O3 -fomit-frame-pointer -mtune=native -fstrict-aliasing -ffast-math  conftest.c >&5
configure:15364: $? = 0
configure:15364: result: yes
configure:15364: checking sys/time.h presence
configure:15364: gcc -E  conftest.c
configure:15364: $? = 0
configure:15364: result: yes
configure:15364: checking for sys/time.h
configure:15364: result: yes
configure:15364: checking for unistd.h
configure:15364: result: yes
configure:15364: checking limits.h usability
configure:15364: gcc -c -O3 -fomit-frame-pointer -mtune=native -fstrict-aliasing -ffast-math  conftest.c >&5
configure:15364: $? = 0
configure:15364: result: yes
configure:15364: checking limits.h presence
configure:15364: gcc -E  conftest.c
configure:15364: $? = 0
configure:15364: result: yes
configure:15364: checking for limits.h
configure:15364: result: yes
configure:15364: checking c_asm.h usability
configure:15364: gcc -c -O3 -fomit-frame-pointer -mtune=native -fstrict-aliasing -ffast-math  conftest.c >&5
conftest.c:65:10: fatal error: 'c_asm.h' file not found
#include <c_asm.h>
         ^
1 error generated.
configure:15364: $? = 1
configure: failed program was:
| /* confdefs.h */
| #define PACKAGE_NAME "fftw"
| #define PACKAGE_TARNAME "fftw"
| #define PACKAGE_VERSION "3.3.5"
| #define PACKAGE_STRING "fftw 3.3.5"
| #define PACKAGE_BUGREPORT "fftw@fftw.org"
| #define PACKAGE_URL ""
| #define PACKAGE "fftw"
| #define VERSION "3.3.5"
| #define FFTW_ENABLE_ALLOCA 1
| #define STDC_HEADERS 1
| #define HAVE_SYS_TYPES_H 1
| #define HAVE_SYS_STAT_H 1
| #define HAVE_STDLIB_H 1
| #define HAVE_STRING_H 1
| #define HAVE_MEMORY_H 1
| #define HAVE_STRINGS_H 1
| #define HAVE_INTTYPES_H 1
| #define HAVE_STDINT_H 1
| #define HAVE_UNISTD_H 1
| #define HAVE_DLFCN_H 1
| #define LT_OBJDIR ".libs/"
| #define STDC_HEADERS 1
| #define HAVE_STDDEF_H 1
| #define HAVE_STDLIB_H 1
| #define HAVE_STRING_H 1
| #define HAVE_STRINGS_H 1
| #define HAVE_SYS_TIME_H 1
| #define HAVE_UNISTD_H 1
| #define HAVE_LIMITS_H 1
| /* end confdefs.h.  */
| #include <stdio.h>
| #ifdef HAVE_SYS_TYPES_H
| # include <sys/types.h>
| #endif
| #ifdef HAVE_SYS_STAT_H
| # include <sys/stat.h>
| #endif
| #ifdef STDC_HEADERS
| # include <stdlib.h>
| # include <stddef.h>
| #else
| # ifdef HAVE_STDLIB_H
| #  include <stdlib.h>
| # endif
| #endif
| #ifdef HAVE_STRING_H
| # if !defined STDC_HEADERS && defined HAVE_MEMORY_H
| #  include <memory.h>
| # endif
| # include <string.h>
| #endif
| #ifdef HAVE_STRINGS_H
| # include <strings.h>
| #endif
| #ifdef HAVE_INTTYPES_H
| # include <inttypes.h>
| #endif
| #ifdef HAVE_STDINT_H
| # include <stdint.h>
| #endif
| #ifdef HAVE_UNISTD_H
| # include <unistd.h>
| #endif
| #include <c_asm.h>
configure:15364: result: no
configure:15364: checking c_asm.h presence
configure:15364: gcc -E  conftest.c
conftest.c:32:10: fatal error: 'c_asm.h' file not found
#include <c_asm.h>
         ^
1 error generated.
configure:15364: $? = 1
configure: failed program was:
| /* confdefs.h */
| #define PACKAGE_NAME "fftw"
| #define PACKAGE_TARNAME "fftw"
| #define PACKAGE_VERSION "3.3.5"
| #define PACKAGE_STRING "fftw 3.3.5"
| #define PACKAGE_BUGREPORT "fftw@fftw.org"
| #define PACKAGE_URL ""
| #define PACKAGE "fftw"
| #define VERSION "3.3.5"
| #define FFTW_ENABLE_ALLOCA 1
| #define STDC_HEADERS 1
| #define HAVE_SYS_TYPES_H 1
| #define HAVE_SYS_STAT_H 1
| #define HAVE_STDLIB_H 1
| #define HAVE_STRING_H 1
| #define HAVE_MEMORY_H 1
| #define HAVE_STRINGS_H 1
| #define HAVE_INTTYPES_H 1
| #define HAVE_STDINT_H 1
| #define HAVE_UNISTD_H 1
| #define HAVE_DLFCN_H 1
| #define LT_OBJDIR ".libs/"
| #define STDC_HEADERS 1
| #define HAVE_STDDEF_H 1
| #define HAVE_STDLIB_H 1
| #define HAVE_STRING_H 1
| #define HAVE_STRINGS_H 1
| #define HAVE_SYS_TIME_H 1
| #define HAVE_UNISTD_H 1
| #define HAVE_LIMITS_H 1
| /* end confdefs.h.  */
| #include <c_asm.h>
configure:15364: result: no
configure:15364: checking for c_asm.h
configure:15364: result: no
configure:15364: checking intrinsics.h usability
configure:15364: gcc -c -O3 -fomit-frame-pointer -mtune=native -fstrict-aliasing -ffast-math  conftest.c >&5
conftest.c:65:10: fatal error: 'intrinsics.h' file not found
#include <intrinsics.h>
         ^
1 error generated.
configure:15364: $? = 1
configure: failed program was:
| /* confdefs.h */
| #define PACKAGE_NAME "fftw"
| #define PACKAGE_TARNAME "fftw"
| #define PACKAGE_VERSION "3.3.5"
| #define PACKAGE_STRING "fftw 3.3.5"
| #define PACKAGE_BUGREPORT "fftw@fftw.org"
| #define PACKAGE_URL ""
| #define PACKAGE "fftw"
| #define VERSION "3.3.5"
| #define FFTW_ENABLE_ALLOCA 1
| #define STDC_HEADERS 1
| #define HAVE_SYS_TYPES_H 1
| #define HAVE_SYS_STAT_H 1
| #define HAVE_STDLIB_H 1
| #define HAVE_STRING_H 1
| #define HAVE_MEMORY_H 1
| #define HAVE_STRINGS_H 1
| #define HAVE_INTTYPES_H 1
| #define HAVE_STDINT_H 1
| #define HAVE_UNISTD_H 1
| #define HAVE_DLFCN_H 1
| #define LT_OBJDIR ".libs/"
| #define STDC_HEADERS 1
| #define HAVE_STDDEF_H 1
| #define HAVE_STDLIB_H 1
| #define HAVE_STRING_H 1
| #define HAVE_STRINGS_H 1
| #define HAVE_SYS_TIME_H 1
| #define HAVE_UNISTD_H 1
| #define HAVE_LIMITS_H 1
| /* end confdefs.h.  */
| #include <stdio.h>
| #ifdef HAVE_SYS_TYPES_H
| # include <sys/types.h>
| #endif
| #ifdef HAVE_SYS_STAT_H
| # include <sys/stat.h>
| #endif
| #ifdef STDC_HEADERS
| # include <stdlib.h>
| # include <stddef.h>
| #else
| # ifdef HAVE_STDLIB_H
| #  include <stdlib.h>
| # endif
| #endif
| #ifdef HAVE_STRING_H
| # if !defined STDC_HEADERS && defined HAVE_MEMORY_H
| #  include <memory.h>
| # endif
| # include <string.h>
| #endif
| #ifdef HAVE_STRINGS_H
| # include <strings.h>
| #endif
| #ifdef HAVE_INTTYPES_H
| # include <inttypes.h>
| #endif
| #ifdef HAVE_STDINT_H
| # include <stdint.h>
| #endif
| #ifdef HAVE_UNISTD_H
| # include <unistd.h>
| #endif
| #include <intrinsics.h>
configure:15364: result: no
configure:15364: checking intrinsics.h presence
configure:15364: gcc -E  conftest.c
conftest.c:32:10: fatal error: 'intrinsics.h' file not found
#include <intrinsics.h>
         ^
1 error generated.
configure:15364: $? = 1
configure: failed program was:
| /* confdefs.h */
| #define PACKAGE_NAME "fftw"
| #define PACKAGE_TARNAME "fftw"
| #define PACKAGE_VERSION "3.3.5"
| #define PACKAGE_STRING "fftw 3.3.5"
| #define PACKAGE_BUGREPORT "fftw@fftw.org"
| #define PACKAGE_URL ""
| #define PACKAGE "fftw"
| #define VERSION "3.3.5"
| #define FFTW_ENABLE_ALLOCA 1
| #define STDC_HEADERS 1
| #define HAVE_SYS_TYPES_H 1
| #define HAVE_SYS_STAT_H 1
| #define HAVE_STDLIB_H 1
| #define HAVE_STRING_H 1
| #define HAVE_MEMORY_H 1
| #define HAVE_STRINGS_H 1
| #define HAVE_INTTYPES_H 1
| #define HAVE_STDINT_H 1
| #define HAVE_UNISTD_H 1
| #define HAVE_DLFCN_H 1
| #define LT_OBJDIR ".libs/"
| #define STDC_HEADERS 1
| #define HAVE_STDDEF_H 1
| #define HAVE_STDLIB_H 1
| #define HAVE_STRING_H 1
| #define HAVE_STRINGS_H 1
| #define HAVE_SYS_TIME_H 1
| #define HAVE_UNISTD_H 1
| #define HAVE_LIMITS_H 1
| /* end confdefs.h.  */
| #include <intrinsics.h>
configure:15364: result: no
configure:15364: checking for intrinsics.h
configure:15364: result: no
configure:15364: checking for stdint.h
configure:15364: result: yes
configure:15364: checking mach/mach_time.h usability
configure:15364: gcc -c -O3 -fomit-frame-pointer -mtune=native -fstrict-aliasing -ffast-math  conftest.c >&5
configure:15364: $? = 0
configure:15364: result: yes
configure:15364: checking mach/mach_time.h presence
configure:15364: gcc -E  conftest.c
configure:15364: $? = 0
configure:15364: result: yes
configure:15364: checking for mach/mach_time.h
configure:15364: result: yes
configure:15364: checking sys/sysctl.h usability
configure:15364: gcc -c -O3 -fomit-frame-pointer -mtune=native -fstrict-aliasing -ffast-math  conftest.c >&5
configure:15364: $? = 0
configure:15364: result: yes
configure:15364: checking sys/sysctl.h presence
configure:15364: gcc -E  conftest.c
configure:15364: $? = 0
configure:15364: result: yes
configure:15364: checking for sys/sysctl.h
configure:15364: result: yes
configure:15381: checking altivec.h usability
configure:15381: gcc -c -O3 -fomit-frame-pointer -mtune=native -fstrict-aliasing -ffast-math      conftest.c >&5
In file included from conftest.c:68:
/Applications/Xcode.app/Contents/Developer/Toolchains/XcodeDefault.xctoolchain/usr/bin/../lib/clang/8.0.0/include/altivec.h:27:2: error: "AltiVec support not enabled"
#error "AltiVec support not enabled"
 ^
/Applications/Xcode.app/Contents/Developer/Toolchains/XcodeDefault.xctoolchain/usr/bin/../lib/clang/8.0.0/include/altivec.h:39:8: error: unknown type name 'vector'
static vector signed char __ATTRS_o_ai vec_perm(vector signed char __a,
       ^
/Applications/Xcode.app/Contents/Developer/Toolchains/XcodeDefault.xctoolchain/usr/bin/../lib/clang/8.0.0/include/altivec.h:39:15: error: expected identifier or '('
static vector signed char __ATTRS_o_ai vec_perm(vector signed char __a,
              ^
/Applications/Xcode.app/Contents/Developer/Toolchains/XcodeDefault.xctoolchain/usr/bin/../lib/clang/8.0.0/include/altivec.h:43:8: error: unknown type name 'vector'
static vector unsigned char __ATTRS_o_ai vec_perm(vector unsigned char __a,
       ^
/Applications/Xcode.app/Contents/Developer/Toolchains/XcodeDefault.xctoolchain/usr/bin/../lib/clang/8.0.0/include/altivec.h:43:15: error: expected identifier or '('
static vector unsigned char __ATTRS_o_ai vec_perm(vector unsigned char __a,
              ^
/Applications/Xcode.app/Contents/Developer/Toolchains/XcodeDefault.xctoolchain/usr/bin/../lib/clang/8.0.0/include/altivec.h:47:8: error: unknown type name 'vector'
static vector bool char __ATTRS_o_ai vec_perm(vector bool char __a,
       ^
/Applications/Xcode.app/Contents/Developer/Toolchains/XcodeDefault.xctoolchain/usr/bin/../lib/clang/8.0.0/include/altivec.h:47:19: error: expected ';' after top level declarator
static vector bool char __ATTRS_o_ai vec_perm(vector bool char __a,
                  ^
/Applications/Xcode.app/Contents/Developer/Toolchains/XcodeDefault.xctoolchain/usr/bin/../lib/clang/8.0.0/include/altivec.h:47:47: error: unknown type name 'vector'
static vector bool char __ATTRS_o_ai vec_perm(vector bool char __a,
                                              ^
/Applications/Xcode.app/Contents/Developer/Toolchains/XcodeDefault.xctoolchain/usr/bin/../lib/clang/8.0.0/include/altivec.h:47:59: error: expected ')'
static vector bool char __ATTRS_o_ai vec_perm(vector bool char __a,
                                                          ^
/Applications/Xcode.app/Contents/Developer/Toolchains/XcodeDefault.xctoolchain/usr/bin/../lib/clang/8.0.0/include/altivec.h:47:46: note: to match this '('
static vector bool char __ATTRS_o_ai vec_perm(vector bool char __a,
                                             ^
/Applications/Xcode.app/Contents/Developer/Toolchains/XcodeDefault.xctoolchain/usr/bin/../lib/clang/8.0.0/include/altivec.h:51:8: error: unknown type name 'vector'
static vector short __ATTRS_o_ai vec_perm(vector signed short __a,
       ^
/Applications/Xcode.app/Contents/Developer/Toolchains/XcodeDefault.xctoolchain/usr/bin/../lib/clang/8.0.0/include/altivec.h:51:15: error: expected identifier or '('
static vector short __ATTRS_o_ai vec_perm(vector signed short __a,
              ^
/Applications/Xcode.app/Contents/Developer/Toolchains/XcodeDefault.xctoolchain/usr/bin/../lib/clang/8.0.0/include/altivec.h:55:8: error: unknown type name 'vector'
static vector unsigned short __ATTRS_o_ai vec_perm(vector unsigned short __a,
       ^
/Applications/Xcode.app/Contents/Developer/Toolchains/XcodeDefault.xctoolchain/usr/bin/../lib/clang/8.0.0/include/altivec.h:55:15: error: expected identifier or '('
static vector unsigned short __ATTRS_o_ai vec_perm(vector unsigned short __a,
              ^
/Applications/Xcode.app/Contents/Developer/Toolchains/XcodeDefault.xctoolchain/usr/bin/../lib/clang/8.0.0/include/altivec.h:59:8: error: unknown type name 'vector'
static vector bool short __ATTRS_o_ai vec_perm(vector bool short __a,
       ^
/Applications/Xcode.app/Contents/Developer/Toolchains/XcodeDefault.xctoolchain/usr/bin/../lib/clang/8.0.0/include/altivec.h:59:19: error: expected ';' after top level declarator
static vector bool short __ATTRS_o_ai vec_perm(vector bool short __a,
                  ^
/Applications/Xcode.app/Contents/Developer/Toolchains/XcodeDefault.xctoolchain/usr/bin/../lib/clang/8.0.0/include/altivec.h:59:48: error: unknown type name 'vector'
static vector bool short __ATTRS_o_ai vec_perm(vector bool short __a,
                                               ^
/Applications/Xcode.app/Contents/Developer/Toolchains/XcodeDefault.xctoolchain/usr/bin/../lib/clang/8.0.0/include/altivec.h:59:60: error: expected ')'
static vector bool short __ATTRS_o_ai vec_perm(vector bool short __a,
                                                           ^
/Applications/Xcode.app/Contents/Developer/Toolchains/XcodeDefault.xctoolchain/usr/bin/../lib/clang/8.0.0/include/altivec.h:59:47: note: to match this '('
static vector bool short __ATTRS_o_ai vec_perm(vector bool short __a,
                                              ^
/Applications/Xcode.app/Contents/Developer/Toolchains/XcodeDefault.xctoolchain/usr/bin/../lib/clang/8.0.0/include/altivec.h:63:8: error: unknown type name 'vector'
static vector pixel __ATTRS_o_ai vec_perm(vector pixel __a, vector pixel __b,
       ^
/Applications/Xcode.app/Contents/Developer/Toolchains/XcodeDefault.xctoolchain/usr/bin/../lib/clang/8.0.0/include/altivec.h:63:21: error: '__overloadable__' attribute only applies to functions
static vector pixel __ATTRS_o_ai vec_perm(vector pixel __a, vector pixel __b,
                    ^
/Applications/Xcode.app/Contents/Developer/Toolchains/XcodeDefault.xctoolchain/usr/bin/../lib/clang/8.0.0/include/altivec.h:37:37: note: expanded from macro '__ATTRS_o_ai'
#define __ATTRS_o_ai __attribute__((__overloadable__, __always_inline__))
                                    ^
fatal error: too many errors emitted, stopping now [-ferror-limit=]
20 errors generated.
configure:15381: $? = 1
configure: failed program was:
| /* confdefs.h */
| #define PACKAGE_NAME "fftw"
| #define PACKAGE_TARNAME "fftw"
| #define PACKAGE_VERSION "3.3.5"
| #define PACKAGE_STRING "fftw 3.3.5"
| #define PACKAGE_BUGREPORT "fftw@fftw.org"
| #define PACKAGE_URL ""
| #define PACKAGE "fftw"
| #define VERSION "3.3.5"
| #define FFTW_ENABLE_ALLOCA 1
| #define STDC_HEADERS 1
| #define HAVE_SYS_TYPES_H 1
| #define HAVE_SYS_STAT_H 1
| #define HAVE_STDLIB_H 1
| #define HAVE_STRING_H 1
| #define HAVE_MEMORY_H 1
| #define HAVE_STRINGS_H 1
| #define HAVE_INTTYPES_H 1
| #define HAVE_STDINT_H 1
| #define HAVE_UNISTD_H 1
| #define HAVE_DLFCN_H 1
| #define LT_OBJDIR ".libs/"
| #define STDC_HEADERS 1
| #define HAVE_STDDEF_H 1
| #define HAVE_STDLIB_H 1
| #define HAVE_STRING_H 1
| #define HAVE_STRINGS_H 1
| #define HAVE_SYS_TIME_H 1
| #define HAVE_UNISTD_H 1
| #define HAVE_LIMITS_H 1
| #define HAVE_STDINT_H 1
| #define HAVE_MACH_MACH_TIME_H 1
| #define HAVE_SYS_SYSCTL_H 1
| /* end confdefs.h.  */
| #include <stdio.h>
| #ifdef HAVE_SYS_TYPES_H
| # include <sys/types.h>
| #endif
| #ifdef HAVE_SYS_STAT_H
| # include <sys/stat.h>
| #endif
| #ifdef STDC_HEADERS
| # include <stdlib.h>
| # include <stddef.h>
| #else
| # ifdef HAVE_STDLIB_H
| #  include <stdlib.h>
| # endif
| #endif
| #ifdef HAVE_STRING_H
| # if !defined STDC_HEADERS && defined HAVE_MEMORY_H
| #  include <memory.h>
| # endif
| # include <string.h>
| #endif
| #ifdef HAVE_STRINGS_H
| # include <strings.h>
| #endif
| #ifdef HAVE_INTTYPES_H
| # include <inttypes.h>
| #endif
| #ifdef HAVE_STDINT_H
| # include <stdint.h>
| #endif
| #ifdef HAVE_UNISTD_H
| # include <unistd.h>
| #endif
| #include <altivec.h>
configure:15381: result: no
configure:15381: checking altivec.h presence
configure:15381: gcc -E    conftest.c
In file included from conftest.c:35:
/Applications/Xcode.app/Contents/Developer/Toolchains/XcodeDefault.xctoolchain/usr/bin/../lib/clang/8.0.0/include/altivec.h:27:2: error: "AltiVec support not enabled"
#error "AltiVec support not enabled"
 ^
1 error generated.
configure:15381: $? = 1
configure: failed program was:
| /* confdefs.h */
| #define PACKAGE_NAME "fftw"
| #define PACKAGE_TARNAME "fftw"
| #define PACKAGE_VERSION "3.3.5"
| #define PACKAGE_STRING "fftw 3.3.5"
| #define PACKAGE_BUGREPORT "fftw@fftw.org"
| #define PACKAGE_URL ""
| #define PACKAGE "fftw"
| #define VERSION "3.3.5"
| #define FFTW_ENABLE_ALLOCA 1
| #define STDC_HEADERS 1
| #define HAVE_SYS_TYPES_H 1
| #define HAVE_SYS_STAT_H 1
| #define HAVE_STDLIB_H 1
| #define HAVE_STRING_H 1
| #define HAVE_MEMORY_H 1
| #define HAVE_STRINGS_H 1
| #define HAVE_INTTYPES_H 1
| #define HAVE_STDINT_H 1
| #define HAVE_UNISTD_H 1
| #define HAVE_DLFCN_H 1
| #define LT_OBJDIR ".libs/"
| #define STDC_HEADERS 1
| #define HAVE_STDDEF_H 1
| #define HAVE_STDLIB_H 1
| #define HAVE_STRING_H 1
| #define HAVE_STRINGS_H 1
| #define HAVE_SYS_TIME_H 1
| #define HAVE_UNISTD_H 1
| #define HAVE_LIMITS_H 1
| #define HAVE_STDINT_H 1
| #define HAVE_MACH_MACH_TIME_H 1
| #define HAVE_SYS_SYSCTL_H 1
| /* end confdefs.h.  */
| #include <altivec.h>
configure:15381: result: no
configure:15381: checking for altivec.h
configure:15381: result: no
configure:15394: checking for an ANSI C-conforming const
configure:15460: gcc -c -O3 -fomit-frame-pointer -mtune=native -fstrict-aliasing -ffast-math  conftest.c >&5
configure:15460: $? = 0
configure:15467: result: yes
configure:15475: checking for inline
configure:15491: gcc -c -O3 -fomit-frame-pointer -mtune=native -fstrict-aliasing -ffast-math  conftest.c >&5
configure:15491: $? = 0
configure:15499: result: inline
configure:15517: checking for size_t
configure:15517: gcc -c -O3 -fomit-frame-pointer -mtune=native -fstrict-aliasing -ffast-math  conftest.c >&5
configure:15517: $? = 0
configure:15517: gcc -c -O3 -fomit-frame-pointer -mtune=native -fstrict-aliasing -ffast-math  conftest.c >&5
conftest.c:71:21: error: expected expression
if (sizeof ((size_t)))
                    ^
1 error generated.
configure:15517: $? = 1
configure: failed program was:
| /* confdefs.h */
| #define PACKAGE_NAME "fftw"
| #define PACKAGE_TARNAME "fftw"
| #define PACKAGE_VERSION "3.3.5"
| #define PACKAGE_STRING "fftw 3.3.5"
| #define PACKAGE_BUGREPORT "fftw@fftw.org"
| #define PACKAGE_URL ""
| #define PACKAGE "fftw"
| #define VERSION "3.3.5"
| #define FFTW_ENABLE_ALLOCA 1
| #define STDC_HEADERS 1
| #define HAVE_SYS_TYPES_H 1
| #define HAVE_SYS_STAT_H 1
| #define HAVE_STDLIB_H 1
| #define HAVE_STRING_H 1
| #define HAVE_MEMORY_H 1
| #define HAVE_STRINGS_H 1
| #define HAVE_INTTYPES_H 1
| #define HAVE_STDINT_H 1
| #define HAVE_UNISTD_H 1
| #define HAVE_DLFCN_H 1
| #define LT_OBJDIR ".libs/"
| #define STDC_HEADERS 1
| #define HAVE_STDDEF_H 1
| #define HAVE_STDLIB_H 1
| #define HAVE_STRING_H 1
| #define HAVE_STRINGS_H 1
| #define HAVE_SYS_TIME_H 1
| #define HAVE_UNISTD_H 1
| #define HAVE_LIMITS_H 1
| #define HAVE_STDINT_H 1
| #define HAVE_MACH_MACH_TIME_H 1
| #define HAVE_SYS_SYSCTL_H 1
| /* end confdefs.h.  */
| #include <stdio.h>
| #ifdef HAVE_SYS_TYPES_H
| # include <sys/types.h>
| #endif
| #ifdef HAVE_SYS_STAT_H
| # include <sys/stat.h>
| #endif
| #ifdef STDC_HEADERS
| # include <stdlib.h>
| # include <stddef.h>
| #else
| # ifdef HAVE_STDLIB_H
| #  include <stdlib.h>
| # endif
| #endif
| #ifdef HAVE_STRING_H
| # if !defined STDC_HEADERS && defined HAVE_MEMORY_H
| #  include <memory.h>
| # endif
| # include <string.h>
| #endif
| #ifdef HAVE_STRINGS_H
| # include <strings.h>
| #endif
| #ifdef HAVE_INTTYPES_H
| # include <inttypes.h>
| #endif
| #ifdef HAVE_STDINT_H
| # include <stdint.h>
| #endif
| #ifdef HAVE_UNISTD_H
| # include <unistd.h>
| #endif
| int
| main ()
| {
| if (sizeof ((size_t)))
| 	    return 0;
|   ;
|   return 0;
| }
configure:15517: result: yes
configure:15528: checking whether time.h and sys/time.h may both be included
configure:15548: gcc -c -O3 -fomit-frame-pointer -mtune=native -fstrict-aliasing -ffast-math  conftest.c >&5
configure:15548: $? = 0
configure:15555: result: yes
configure:15563: checking for long double
configure:15563: gcc -c -O3 -fomit-frame-pointer -mtune=native -fstrict-aliasing -ffast-math  conftest.c >&5
configure:15563: $? = 0
configure:15563: gcc -c -O3 -fomit-frame-pointer -mtune=native -fstrict-aliasing -ffast-math  conftest.c >&5
conftest.c:72:26: error: expected expression
if (sizeof ((long double)))
                         ^
1 error generated.
configure:15563: $? = 1
configure: failed program was:
| /* confdefs.h */
| #define PACKAGE_NAME "fftw"
| #define PACKAGE_TARNAME "fftw"
| #define PACKAGE_VERSION "3.3.5"
| #define PACKAGE_STRING "fftw 3.3.5"
| #define PACKAGE_BUGREPORT "fftw@fftw.org"
| #define PACKAGE_URL ""
| #define PACKAGE "fftw"
| #define VERSION "3.3.5"
| #define FFTW_ENABLE_ALLOCA 1
| #define STDC_HEADERS 1
| #define HAVE_SYS_TYPES_H 1
| #define HAVE_SYS_STAT_H 1
| #define HAVE_STDLIB_H 1
| #define HAVE_STRING_H 1
| #define HAVE_MEMORY_H 1
| #define HAVE_STRINGS_H 1
| #define HAVE_INTTYPES_H 1
| #define HAVE_STDINT_H 1
| #define HAVE_UNISTD_H 1
| #define HAVE_DLFCN_H 1
| #define LT_OBJDIR ".libs/"
| #define STDC_HEADERS 1
| #define HAVE_STDDEF_H 1
| #define HAVE_STDLIB_H 1
| #define HAVE_STRING_H 1
| #define HAVE_STRINGS_H 1
| #define HAVE_SYS_TIME_H 1
| #define HAVE_UNISTD_H 1
| #define HAVE_LIMITS_H 1
| #define HAVE_STDINT_H 1
| #define HAVE_MACH_MACH_TIME_H 1
| #define HAVE_SYS_SYSCTL_H 1
| #define TIME_WITH_SYS_TIME 1
| /* end confdefs.h.  */
| #include <stdio.h>
| #ifdef HAVE_SYS_TYPES_H
| # include <sys/types.h>
| #endif
| #ifdef HAVE_SYS_STAT_H
| # include <sys/stat.h>
| #endif
| #ifdef STDC_HEADERS
| # include <stdlib.h>
| # include <stddef.h>
| #else
| # ifdef HAVE_STDLIB_H
| #  include <stdlib.h>
| # endif
| #endif
| #ifdef HAVE_STRING_H
| # if !defined STDC_HEADERS && defined HAVE_MEMORY_H
| #  include <memory.h>
| # endif
| # include <string.h>
| #endif
| #ifdef HAVE_STRINGS_H
| # include <strings.h>
| #endif
| #ifdef HAVE_INTTYPES_H
| # include <inttypes.h>
| #endif
| #ifdef HAVE_STDINT_H
| # include <stdint.h>
| #endif
| #ifdef HAVE_UNISTD_H
| # include <unistd.h>
| #endif
| int
| main ()
| {
| if (sizeof ((long double)))
| 	    return 0;
|   ;
|   return 0;
| }
configure:15563: result: yes
configure:15576: checking for hrtime_t
configure:15576: gcc -c -O3 -fomit-frame-pointer -mtune=native -fstrict-aliasing -ffast-math  conftest.c >&5
conftest.c:46:13: error: use of undeclared identifier 'hrtime_t'; did you mean 'gmtime_r'?
if (sizeof (hrtime_t))
            ^~~~~~~~
            gmtime_r
/Applications/Xcode.app/Contents/Developer/Platforms/MacOSX.platform/Developer/SDKs/MacOSX10.12.sdk/usr/include/time.h:126:12: note: 'gmtime_r' declared here
struct tm *gmtime_r(const time_t * __restrict, struct tm * __restrict);
           ^
1 error generated.
configure:15576: $? = 1
configure: failed program was:
| /* confdefs.h */
| #define PACKAGE_NAME "fftw"
| #define PACKAGE_TARNAME "fftw"
| #define PACKAGE_VERSION "3.3.5"
| #define PACKAGE_STRING "fftw 3.3.5"
| #define PACKAGE_BUGREPORT "fftw@fftw.org"
| #define PACKAGE_URL ""
| #define PACKAGE "fftw"
| #define VERSION "3.3.5"
| #define FFTW_ENABLE_ALLOCA 1
| #define STDC_HEADERS 1
| #define HAVE_SYS_TYPES_H 1
| #define HAVE_SYS_STAT_H 1
| #define HAVE_STDLIB_H 1
| #define HAVE_STRING_H 1
| #define HAVE_MEMORY_H 1
| #define HAVE_STRINGS_H 1
| #define HAVE_INTTYPES_H 1
| #define HAVE_STDINT_H 1
| #define HAVE_UNISTD_H 1
| #define HAVE_DLFCN_H 1
| #define LT_OBJDIR ".libs/"
| #define STDC_HEADERS 1
| #define HAVE_STDDEF_H 1
| #define HAVE_STDLIB_H 1
| #define HAVE_STRING_H 1
| #define HAVE_STRINGS_H 1
| #define HAVE_SYS_TIME_H 1
| #define HAVE_UNISTD_H 1
| #define HAVE_LIMITS_H 1
| #define HAVE_STDINT_H 1
| #define HAVE_MACH_MACH_TIME_H 1
| #define HAVE_SYS_SYSCTL_H 1
| #define TIME_WITH_SYS_TIME 1
| #define HAVE_LONG_DOUBLE 1
| /* end confdefs.h.  */
| 
| #if HAVE_SYS_TIME_H
| #include <sys/time.h>
| #endif
| 
| 
| int
| main ()
| {
| if (sizeof (hrtime_t))
| 	 return 0;
|   ;
|   return 0;
| }
configure:15576: result: no
configure:15593: checking size of int
configure:15598: gcc -o conftest -O3 -fomit-frame-pointer -mtune=native -fstrict-aliasing -ffast-math   conftest.c  >&5
configure:15598: $? = 0
configure:15598: ./conftest
configure:15598: $? = 0
configure:15612: result: 4
configure:15626: checking size of unsigned int
configure:15631: gcc -o conftest -O3 -fomit-frame-pointer -mtune=native -fstrict-aliasing -ffast-math   conftest.c  >&5
configure:15631: $? = 0
configure:15631: ./conftest
configure:15631: $? = 0
configure:15645: result: 4
configure:15659: checking size of long
configure:15664: gcc -o conftest -O3 -fomit-frame-pointer -mtune=native -fstrict-aliasing -ffast-math   conftest.c  >&5
configure:15664: $? = 0
configure:15664: ./conftest
configure:15664: $? = 0
configure:15678: result: 8
configure:15692: checking size of unsigned long
configure:15697: gcc -o conftest -O3 -fomit-frame-pointer -mtune=native -fstrict-aliasing -ffast-math   conftest.c  >&5
configure:15697: $? = 0
configure:15697: ./conftest
configure:15697: $? = 0
configure:15711: result: 8
configure:15725: checking size of long long
configure:15730: gcc -o conftest -O3 -fomit-frame-pointer -mtune=native -fstrict-aliasing -ffast-math   conftest.c  >&5
configure:15730: $? = 0
configure:15730: ./conftest
configure:15730: $? = 0
configure:15744: result: 8
configure:15758: checking size of unsigned long long
configure:15763: gcc -o conftest -O3 -fomit-frame-pointer -mtune=native -fstrict-aliasing -ffast-math   conftest.c  >&5
configure:15763: $? = 0
configure:15763: ./conftest
configure:15763: $? = 0
configure:15777: result: 8
configure:15791: checking size of size_t
configure:15796: gcc -o conftest -O3 -fomit-frame-pointer -mtune=native -fstrict-aliasing -ffast-math   conftest.c  >&5
configure:15796: $? = 0
configure:15796: ./conftest
configure:15796: $? = 0
configure:15810: result: 8
configure:15824: checking size of ptrdiff_t
configure:15829: gcc -o conftest -O3 -fomit-frame-pointer -mtune=native -fstrict-aliasing -ffast-math   conftest.c  >&5
configure:15829: $? = 0
configure:15829: ./conftest
configure:15829: $? = 0
configure:15843: result: 8
configure:15854: checking for uintptr_t
configure:15854: gcc -c -O3 -fomit-frame-pointer -mtune=native -fstrict-aliasing -ffast-math  conftest.c >&5
configure:15854: $? = 0
configure:15854: gcc -c -O3 -fomit-frame-pointer -mtune=native -fstrict-aliasing -ffast-math  conftest.c >&5
conftest.c:85:24: error: expected expression
if (sizeof ((uintptr_t)))
                       ^
1 error generated.
configure:15854: $? = 1
configure: failed program was:
| /* confdefs.h */
| #define PACKAGE_NAME "fftw"
| #define PACKAGE_TARNAME "fftw"
| #define PACKAGE_VERSION "3.3.5"
| #define PACKAGE_STRING "fftw 3.3.5"
| #define PACKAGE_BUGREPORT "fftw@fftw.org"
| #define PACKAGE_URL ""
| #define PACKAGE "fftw"
| #define VERSION "3.3.5"
| #define FFTW_ENABLE_ALLOCA 1
| #define STDC_HEADERS 1
| #define HAVE_SYS_TYPES_H 1
| #define HAVE_SYS_STAT_H 1
| #define HAVE_STDLIB_H 1
| #define HAVE_STRING_H 1
| #define HAVE_MEMORY_H 1
| #define HAVE_STRINGS_H 1
| #define HAVE_INTTYPES_H 1
| #define HAVE_STDINT_H 1
| #define HAVE_UNISTD_H 1
| #define HAVE_DLFCN_H 1
| #define LT_OBJDIR ".libs/"
| #define STDC_HEADERS 1
| #define HAVE_STDDEF_H 1
| #define HAVE_STDLIB_H 1
| #define HAVE_STRING_H 1
| #define HAVE_STRINGS_H 1
| #define HAVE_SYS_TIME_H 1
| #define HAVE_UNISTD_H 1
| #define HAVE_LIMITS_H 1
| #define HAVE_STDINT_H 1
| #define HAVE_MACH_MACH_TIME_H 1
| #define HAVE_SYS_SYSCTL_H 1
| #define TIME_WITH_SYS_TIME 1
| #define HAVE_LONG_DOUBLE 1
| #define SIZEOF_INT 4
| #define SIZEOF_UNSIGNED_INT 4
| #define SIZEOF_LONG 8
| #define SIZEOF_UNSIGNED_LONG 8
| #define SIZEOF_LONG_LONG 8
| #define SIZEOF_UNSIGNED_LONG_LONG 8
| #define SIZEOF_SIZE_T 8
| #define SIZEOF_PTRDIFF_T 8
| /* end confdefs.h.  */
| #include <stdio.h>
| #ifdef HAVE_SYS_TYPES_H
| # include <sys/types.h>
| #endif
| #ifdef HAVE_SYS_STAT_H
| # include <sys/stat.h>
| #endif
| #ifdef STDC_HEADERS
| # include <stdlib.h>
| # include <stddef.h>
| #else
| # ifdef HAVE_STDLIB_H
| #  include <stdlib.h>
| # endif
| #endif
| #ifdef HAVE_STRING_H
| # if !defined STDC_HEADERS && defined HAVE_MEMORY_H
| #  include <memory.h>
| # endif
| # include <string.h>
| #endif
| #ifdef HAVE_STRINGS_H
| # include <strings.h>
| #endif
| #ifdef HAVE_INTTYPES_H
| # include <inttypes.h>
| #endif
| #ifdef HAVE_STDINT_H
| # include <stdint.h>
| #endif
| #ifdef HAVE_UNISTD_H
| # include <unistd.h>
| #endif
| #ifdef HAVE_STDINT_H
| #  include <stdint.h>
| #endif
| 
| int
| main ()
| {
| if (sizeof ((uintptr_t)))
| 	    return 0;
|   ;
|   return 0;
| }
configure:15854: result: yes
configure:15907: checking size of float
configure:15912: gcc -o conftest -O3 -fomit-frame-pointer -mtune=native -fstrict-aliasing -ffast-math   conftest.c  >&5
configure:15912: $? = 0
configure:15912: ./conftest
configure:15912: $? = 0
configure:15926: result: 4
configure:15940: checking size of double
configure:15945: gcc -o conftest -O3 -fomit-frame-pointer -mtune=native -fstrict-aliasing -ffast-math   conftest.c  >&5
configure:15945: $? = 0
configure:15945: ./conftest
configure:15945: $? = 0
configure:15959: result: 8
configure:15974: checking size of fftw_r2r_kind
configure:15979: gcc -o conftest -O3 -fomit-frame-pointer -mtune=native -fstrict-aliasing -ffast-math   conftest.c  >&5
configure:15979: $? = 0
configure:15979: ./conftest
configure:15979: $? = 0
configure:15998: result: 4
configure:16014: checking for working alloca.h
configure:16031: gcc -o conftest -O3 -fomit-frame-pointer -mtune=native -fstrict-aliasing -ffast-math   conftest.c  >&5
configure:16031: $? = 0
configure:16039: result: yes
configure:16047: checking for alloca
configure:16084: gcc -o conftest -O3 -fomit-frame-pointer -mtune=native -fstrict-aliasing -ffast-math   conftest.c  >&5
configure:16084: $? = 0
configure:16092: result: yes
configure:16198: checking for working strtod
configure:16239: gcc -o conftest -O3 -fomit-frame-pointer -mtune=native -fstrict-aliasing -ffast-math   conftest.c  >&5
configure:16239: $? = 0
configure:16239: ./conftest
configure:16239: $? = 0
configure:16249: result: yes
configure:16313: checking for vprintf
configure:16313: gcc -o conftest -O3 -fomit-frame-pointer -mtune=native -fstrict-aliasing -ffast-math   conftest.c  >&5
conftest.c:74:6: warning: incompatible redeclaration of library function 'vprintf' [-Wincompatible-library-redeclaration]
char vprintf ();
     ^
conftest.c:74:6: note: 'vprintf' is a builtin with type 'int (const char *, struct __va_list_tag *)'
1 warning generated.
configure:16313: $? = 0
configure:16313: result: yes
configure:16319: checking for _doprnt
configure:16319: gcc -o conftest -O3 -fomit-frame-pointer -mtune=native -fstrict-aliasing -ffast-math   conftest.c  >&5
Undefined symbols for architecture x86_64:
  "__doprnt", referenced from:
      _main in conftest-05dcb0.o
ld: symbol(s) not found for architecture x86_64
clang: error: linker command failed with exit code 1 (use -v to see invocation)
configure:16319: $? = 1
configure: failed program was:
| /* confdefs.h */
| #define PACKAGE_NAME "fftw"
| #define PACKAGE_TARNAME "fftw"
| #define PACKAGE_VERSION "3.3.5"
| #define PACKAGE_STRING "fftw 3.3.5"
| #define PACKAGE_BUGREPORT "fftw@fftw.org"
| #define PACKAGE_URL ""
| #define PACKAGE "fftw"
| #define VERSION "3.3.5"
| #define FFTW_ENABLE_ALLOCA 1
| #define STDC_HEADERS 1
| #define HAVE_SYS_TYPES_H 1
| #define HAVE_SYS_STAT_H 1
| #define HAVE_STDLIB_H 1
| #define HAVE_STRING_H 1
| #define HAVE_MEMORY_H 1
| #define HAVE_STRINGS_H 1
| #define HAVE_INTTYPES_H 1
| #define HAVE_STDINT_H 1
| #define HAVE_UNISTD_H 1
| #define HAVE_DLFCN_H 1
| #define LT_OBJDIR ".libs/"
| #define STDC_HEADERS 1
| #define HAVE_STDDEF_H 1
| #define HAVE_STDLIB_H 1
| #define HAVE_STRING_H 1
| #define HAVE_STRINGS_H 1
| #define HAVE_SYS_TIME_H 1
| #define HAVE_UNISTD_H 1
| #define HAVE_LIMITS_H 1
| #define HAVE_STDINT_H 1
| #define HAVE_MACH_MACH_TIME_H 1
| #define HAVE_SYS_SYSCTL_H 1
| #define TIME_WITH_SYS_TIME 1
| #define HAVE_LONG_DOUBLE 1
| #define SIZEOF_INT 4
| #define SIZEOF_UNSIGNED_INT 4
| #define SIZEOF_LONG 8
| #define SIZEOF_UNSIGNED_LONG 8
| #define SIZEOF_LONG_LONG 8
| #define SIZEOF_UNSIGNED_LONG_LONG 8
| #define SIZEOF_SIZE_T 8
| #define SIZEOF_PTRDIFF_T 8
| #define HAVE_UINTPTR_T 1
| #define SIZEOF_FLOAT 4
| #define SIZEOF_DOUBLE 8
| #define SIZEOF_FFTW_R2R_KIND 4
| #define HAVE_ALLOCA_H 1
| #define HAVE_ALLOCA 1
| #define HAVE_VPRINTF 1
| /* end confdefs.h.  */
| /* Define _doprnt to an innocuous variant, in case <limits.h> declares _doprnt.
|    For example, HP-UX 11i <limits.h> declares gettimeofday.  */
| #define _doprnt innocuous__doprnt
| 
| /* System header to define __stub macros and hopefully few prototypes,
|     which can conflict with char _doprnt (); below.
|     Prefer <limits.h> to <assert.h> if __STDC__ is defined, since
|     <limits.h> exists even on freestanding compilers.  */
| 
| #ifdef __STDC__
| # include <limits.h>
| #else
| # include <assert.h>
| #endif
| 
| #undef _doprnt
| 
| /* Override any GCC internal prototype to avoid an error.
|    Use char because int might match the return type of a GCC
|    builtin and then its argument prototype would still apply.  */
| #ifdef __cplusplus
| extern "C"
| #endif
| char _doprnt ();
| /* The GNU C library defines this for functions which it implements
|     to always fail with ENOSYS.  Some functions are actually named
|     something starting with __ and the normal name is an alias.  */
| #if defined __stub__doprnt || defined __stub____doprnt
| choke me
| #endif
| 
| int
| main ()
| {
| return _doprnt ();
|   ;
|   return 0;
| }
configure:16319: result: no
configure:16330: checking for sin in -lm
configure:16355: gcc -o conftest -O3 -fomit-frame-pointer -mtune=native -fstrict-aliasing -ffast-math   conftest.c -lm   >&5
conftest.c:59:6: warning: incompatible redeclaration of library function 'sin' [-Wincompatible-library-redeclaration]
char sin ();
     ^
conftest.c:59:6: note: 'sin' is a builtin with type 'double (double)'
1 warning generated.
configure:16355: $? = 0
configure:16364: result: yes
configure:16469: checking for BSDgettimeofday
configure:16469: gcc -o conftest -O3 -fomit-frame-pointer -mtune=native -fstrict-aliasing -ffast-math   conftest.c -lm  >&5
Undefined symbols for architecture x86_64:
  "_BSDgettimeofday", referenced from:
      _main in conftest-05a719.o
ld: symbol(s) not found for architecture x86_64
clang: error: linker command failed with exit code 1 (use -v to see invocation)
configure:16469: $? = 1
configure: failed program was:
| /* confdefs.h */
| #define PACKAGE_NAME "fftw"
| #define PACKAGE_TARNAME "fftw"
| #define PACKAGE_VERSION "3.3.5"
| #define PACKAGE_STRING "fftw 3.3.5"
| #define PACKAGE_BUGREPORT "fftw@fftw.org"
| #define PACKAGE_URL ""
| #define PACKAGE "fftw"
| #define VERSION "3.3.5"
| #define FFTW_ENABLE_ALLOCA 1
| #define STDC_HEADERS 1
| #define HAVE_SYS_TYPES_H 1
| #define HAVE_SYS_STAT_H 1
| #define HAVE_STDLIB_H 1
| #define HAVE_STRING_H 1
| #define HAVE_MEMORY_H 1
| #define HAVE_STRINGS_H 1
| #define HAVE_INTTYPES_H 1
| #define HAVE_STDINT_H 1
| #define HAVE_UNISTD_H 1
| #define HAVE_DLFCN_H 1
| #define LT_OBJDIR ".libs/"
| #define STDC_HEADERS 1
| #define HAVE_STDDEF_H 1
| #define HAVE_STDLIB_H 1
| #define HAVE_STRING_H 1
| #define HAVE_STRINGS_H 1
| #define HAVE_SYS_TIME_H 1
| #define HAVE_UNISTD_H 1
| #define HAVE_LIMITS_H 1
| #define HAVE_STDINT_H 1
| #define HAVE_MACH_MACH_TIME_H 1
| #define HAVE_SYS_SYSCTL_H 1
| #define TIME_WITH_SYS_TIME 1
| #define HAVE_LONG_DOUBLE 1
| #define SIZEOF_INT 4
| #define SIZEOF_UNSIGNED_INT 4
| #define SIZEOF_LONG 8
| #define SIZEOF_UNSIGNED_LONG 8
| #define SIZEOF_LONG_LONG 8
| #define SIZEOF_UNSIGNED_LONG_LONG 8
| #define SIZEOF_SIZE_T 8
| #define SIZEOF_PTRDIFF_T 8
| #define HAVE_UINTPTR_T 1
| #define SIZEOF_FLOAT 4
| #define SIZEOF_DOUBLE 8
| #define SIZEOF_FFTW_R2R_KIND 4
| #define HAVE_ALLOCA_H 1
| #define HAVE_ALLOCA 1
| #define HAVE_VPRINTF 1
| #define HAVE_LIBM 1
| /* end confdefs.h.  */
| /* Define BSDgettimeofday to an innocuous variant, in case <limits.h> declares BSDgettimeofday.
|    For example, HP-UX 11i <limits.h> declares gettimeofday.  */
| #define BSDgettimeofday innocuous_BSDgettimeofday
| 
| /* System header to define __stub macros and hopefully few prototypes,
|     which can conflict with char BSDgettimeofday (); below.
|     Prefer <limits.h> to <assert.h> if __STDC__ is defined, since
|     <limits.h> exists even on freestanding compilers.  */
| 
| #ifdef __STDC__
| # include <limits.h>
| #else
| # include <assert.h>
| #endif
| 
| #undef BSDgettimeofday
| 
| /* Override any GCC internal prototype to avoid an error.
|    Use char because int might match the return type of a GCC
|    builtin and then its argument prototype would still apply.  */
| #ifdef __cplusplus
| extern "C"
| #endif
| char BSDgettimeofday ();
| /* The GNU C library defines this for functions which it implements
|     to always fail with ENOSYS.  Some functions are actually named
|     something starting with __ and the normal name is an alias.  */
| #if defined __stub_BSDgettimeofday || defined __stub___BSDgettimeofday
| choke me
| #endif
| 
| int
| main ()
| {
| return BSDgettimeofday ();
|   ;
|   return 0;
| }
configure:16469: result: no
configure:16469: checking for gettimeofday
configure:16469: gcc -o conftest -O3 -fomit-frame-pointer -mtune=native -fstrict-aliasing -ffast-math   conftest.c -lm  >&5
configure:16469: $? = 0
configure:16469: result: yes
configure:16469: checking for gethrtime
configure:16469: gcc -o conftest -O3 -fomit-frame-pointer -mtune=native -fstrict-aliasing -ffast-math   conftest.c -lm  >&5
Undefined symbols for architecture x86_64:
  "_gethrtime", referenced from:
      _main in conftest-5ab0a3.o
ld: symbol(s) not found for architecture x86_64
clang: error: linker command failed with exit code 1 (use -v to see invocation)
configure:16469: $? = 1
configure: failed program was:
| /* confdefs.h */
| #define PACKAGE_NAME "fftw"
| #define PACKAGE_TARNAME "fftw"
| #define PACKAGE_VERSION "3.3.5"
| #define PACKAGE_STRING "fftw 3.3.5"
| #define PACKAGE_BUGREPORT "fftw@fftw.org"
| #define PACKAGE_URL ""
| #define PACKAGE "fftw"
| #define VERSION "3.3.5"
| #define FFTW_ENABLE_ALLOCA 1
| #define STDC_HEADERS 1
| #define HAVE_SYS_TYPES_H 1
| #define HAVE_SYS_STAT_H 1
| #define HAVE_STDLIB_H 1
| #define HAVE_STRING_H 1
| #define HAVE_MEMORY_H 1
| #define HAVE_STRINGS_H 1
| #define HAVE_INTTYPES_H 1
| #define HAVE_STDINT_H 1
| #define HAVE_UNISTD_H 1
| #define HAVE_DLFCN_H 1
| #define LT_OBJDIR ".libs/"
| #define STDC_HEADERS 1
| #define HAVE_STDDEF_H 1
| #define HAVE_STDLIB_H 1
| #define HAVE_STRING_H 1
| #define HAVE_STRINGS_H 1
| #define HAVE_SYS_TIME_H 1
| #define HAVE_UNISTD_H 1
| #define HAVE_LIMITS_H 1
| #define HAVE_STDINT_H 1
| #define HAVE_MACH_MACH_TIME_H 1
| #define HAVE_SYS_SYSCTL_H 1
| #define TIME_WITH_SYS_TIME 1
| #define HAVE_LONG_DOUBLE 1
| #define SIZEOF_INT 4
| #define SIZEOF_UNSIGNED_INT 4
| #define SIZEOF_LONG 8
| #define SIZEOF_UNSIGNED_LONG 8
| #define SIZEOF_LONG_LONG 8
| #define SIZEOF_UNSIGNED_LONG_LONG 8
| #define SIZEOF_SIZE_T 8
| #define SIZEOF_PTRDIFF_T 8
| #define HAVE_UINTPTR_T 1
| #define SIZEOF_FLOAT 4
| #define SIZEOF_DOUBLE 8
| #define SIZEOF_FFTW_R2R_KIND 4
| #define HAVE_ALLOCA_H 1
| #define HAVE_ALLOCA 1
| #define HAVE_VPRINTF 1
| #define HAVE_LIBM 1
| #define HAVE_GETTIMEOFDAY 1
| /* end confdefs.h.  */
| /* Define gethrtime to an innocuous variant, in case <limits.h> declares gethrtime.
|    For example, HP-UX 11i <limits.h> declares gettimeofday.  */
| #define gethrtime innocuous_gethrtime
| 
| /* System header to define __stub macros and hopefully few prototypes,
|     which can conflict with char gethrtime (); below.
|     Prefer <limits.h> to <assert.h> if __STDC__ is defined, since
|     <limits.h> exists even on freestanding compilers.  */
| 
| #ifdef __STDC__
| # include <limits.h>
| #else
| # include <assert.h>
| #endif
| 
| #undef gethrtime
| 
| /* Override any GCC internal prototype to avoid an error.
|    Use char because int might match the return type of a GCC
|    builtin and then its argument prototype would still apply.  */
| #ifdef __cplusplus
| extern "C"
| #endif
| char gethrtime ();
| /* The GNU C library defines this for functions which it implements
|     to always fail with ENOSYS.  Some functions are actually named
|     something starting with __ and the normal name is an alias.  */
| #if defined __stub_gethrtime || defined __stub___gethrtime
| choke me
| #endif
| 
| int
| main ()
| {
| return gethrtime ();
|   ;
|   return 0;
| }
configure:16469: result: no
configure:16469: checking for read_real_time
configure:16469: gcc -o conftest -O3 -fomit-frame-pointer -mtune=native -fstrict-aliasing -ffast-math   conftest.c -lm  >&5
Undefined symbols for architecture x86_64:
  "_read_real_time", referenced from:
      _main in conftest-cc5663.o
ld: symbol(s) not found for architecture x86_64
clang: error: linker command failed with exit code 1 (use -v to see invocation)
configure:16469: $? = 1
configure: failed program was:
| /* confdefs.h */
| #define PACKAGE_NAME "fftw"
| #define PACKAGE_TARNAME "fftw"
| #define PACKAGE_VERSION "3.3.5"
| #define PACKAGE_STRING "fftw 3.3.5"
| #define PACKAGE_BUGREPORT "fftw@fftw.org"
| #define PACKAGE_URL ""
| #define PACKAGE "fftw"
| #define VERSION "3.3.5"
| #define FFTW_ENABLE_ALLOCA 1
| #define STDC_HEADERS 1
| #define HAVE_SYS_TYPES_H 1
| #define HAVE_SYS_STAT_H 1
| #define HAVE_STDLIB_H 1
| #define HAVE_STRING_H 1
| #define HAVE_MEMORY_H 1
| #define HAVE_STRINGS_H 1
| #define HAVE_INTTYPES_H 1
| #define HAVE_STDINT_H 1
| #define HAVE_UNISTD_H 1
| #define HAVE_DLFCN_H 1
| #define LT_OBJDIR ".libs/"
| #define STDC_HEADERS 1
| #define HAVE_STDDEF_H 1
| #define HAVE_STDLIB_H 1
| #define HAVE_STRING_H 1
| #define HAVE_STRINGS_H 1
| #define HAVE_SYS_TIME_H 1
| #define HAVE_UNISTD_H 1
| #define HAVE_LIMITS_H 1
| #define HAVE_STDINT_H 1
| #define HAVE_MACH_MACH_TIME_H 1
| #define HAVE_SYS_SYSCTL_H 1
| #define TIME_WITH_SYS_TIME 1
| #define HAVE_LONG_DOUBLE 1
| #define SIZEOF_INT 4
| #define SIZEOF_UNSIGNED_INT 4
| #define SIZEOF_LONG 8
| #define SIZEOF_UNSIGNED_LONG 8
| #define SIZEOF_LONG_LONG 8
| #define SIZEOF_UNSIGNED_LONG_LONG 8
| #define SIZEOF_SIZE_T 8
| #define SIZEOF_PTRDIFF_T 8
| #define HAVE_UINTPTR_T 1
| #define SIZEOF_FLOAT 4
| #define SIZEOF_DOUBLE 8
| #define SIZEOF_FFTW_R2R_KIND 4
| #define HAVE_ALLOCA_H 1
| #define HAVE_ALLOCA 1
| #define HAVE_VPRINTF 1
| #define HAVE_LIBM 1
| #define HAVE_GETTIMEOFDAY 1
| /* end confdefs.h.  */
| /* Define read_real_time to an innocuous variant, in case <limits.h> declares read_real_time.
|    For example, HP-UX 11i <limits.h> declares gettimeofday.  */
| #define read_real_time innocuous_read_real_time
| 
| /* System header to define __stub macros and hopefully few prototypes,
|     which can conflict with char read_real_time (); below.
|     Prefer <limits.h> to <assert.h> if __STDC__ is defined, since
|     <limits.h> exists even on freestanding compilers.  */
| 
| #ifdef __STDC__
| # include <limits.h>
| #else
| # include <assert.h>
| #endif
| 
| #undef read_real_time
| 
| /* Override any GCC internal prototype to avoid an error.
|    Use char because int might match the return type of a GCC
|    builtin and then its argument prototype would still apply.  */
| #ifdef __cplusplus
| extern "C"
| #endif
| char read_real_time ();
| /* The GNU C library defines this for functions which it implements
|     to always fail with ENOSYS.  Some functions are actually named
|     something starting with __ and the normal name is an alias.  */
| #if defined __stub_read_real_time || defined __stub___read_real_time
| choke me
| #endif
| 
| int
| main ()
| {
| return read_real_time ();
|   ;
|   return 0;
| }
configure:16469: result: no
configure:16469: checking for time_base_to_time
configure:16469: gcc -o conftest -O3 -fomit-frame-pointer -mtune=native -fstrict-aliasing -ffast-math   conftest.c -lm  >&5
Undefined symbols for architecture x86_64:
  "_time_base_to_time", referenced from:
      _main in conftest-189b3e.o
ld: symbol(s) not found for architecture x86_64
clang: error: linker command failed with exit code 1 (use -v to see invocation)
configure:16469: $? = 1
configure: failed program was:
| /* confdefs.h */
| #define PACKAGE_NAME "fftw"
| #define PACKAGE_TARNAME "fftw"
| #define PACKAGE_VERSION "3.3.5"
| #define PACKAGE_STRING "fftw 3.3.5"
| #define PACKAGE_BUGREPORT "fftw@fftw.org"
| #define PACKAGE_URL ""
| #define PACKAGE "fftw"
| #define VERSION "3.3.5"
| #define FFTW_ENABLE_ALLOCA 1
| #define STDC_HEADERS 1
| #define HAVE_SYS_TYPES_H 1
| #define HAVE_SYS_STAT_H 1
| #define HAVE_STDLIB_H 1
| #define HAVE_STRING_H 1
| #define HAVE_MEMORY_H 1
| #define HAVE_STRINGS_H 1
| #define HAVE_INTTYPES_H 1
| #define HAVE_STDINT_H 1
| #define HAVE_UNISTD_H 1
| #define HAVE_DLFCN_H 1
| #define LT_OBJDIR ".libs/"
| #define STDC_HEADERS 1
| #define HAVE_STDDEF_H 1
| #define HAVE_STDLIB_H 1
| #define HAVE_STRING_H 1
| #define HAVE_STRINGS_H 1
| #define HAVE_SYS_TIME_H 1
| #define HAVE_UNISTD_H 1
| #define HAVE_LIMITS_H 1
| #define HAVE_STDINT_H 1
| #define HAVE_MACH_MACH_TIME_H 1
| #define HAVE_SYS_SYSCTL_H 1
| #define TIME_WITH_SYS_TIME 1
| #define HAVE_LONG_DOUBLE 1
| #define SIZEOF_INT 4
| #define SIZEOF_UNSIGNED_INT 4
| #define SIZEOF_LONG 8
| #define SIZEOF_UNSIGNED_LONG 8
| #define SIZEOF_LONG_LONG 8
| #define SIZEOF_UNSIGNED_LONG_LONG 8
| #define SIZEOF_SIZE_T 8
| #define SIZEOF_PTRDIFF_T 8
| #define HAVE_UINTPTR_T 1
| #define SIZEOF_FLOAT 4
| #define SIZEOF_DOUBLE 8
| #define SIZEOF_FFTW_R2R_KIND 4
| #define HAVE_ALLOCA_H 1
| #define HAVE_ALLOCA 1
| #define HAVE_VPRINTF 1
| #define HAVE_LIBM 1
| #define HAVE_GETTIMEOFDAY 1
| /* end confdefs.h.  */
| /* Define time_base_to_time to an innocuous variant, in case <limits.h> declares time_base_to_time.
|    For example, HP-UX 11i <limits.h> declares gettimeofday.  */
| #define time_base_to_time innocuous_time_base_to_time
| 
| /* System header to define __stub macros and hopefully few prototypes,
|     which can conflict with char time_base_to_time (); below.
|     Prefer <limits.h> to <assert.h> if __STDC__ is defined, since
|     <limits.h> exists even on freestanding compilers.  */
| 
| #ifdef __STDC__
| # include <limits.h>
| #else
| # include <assert.h>
| #endif
| 
| #undef time_base_to_time
| 
| /* Override any GCC internal prototype to avoid an error.
|    Use char because int might match the return type of a GCC
|    builtin and then its argument prototype would still apply.  */
| #ifdef __cplusplus
| extern "C"
| #endif
| char time_base_to_time ();
| /* The GNU C library defines this for functions which it implements
|     to always fail with ENOSYS.  Some functions are actually named
|     something starting with __ and the normal name is an alias.  */
| #if defined __stub_time_base_to_time || defined __stub___time_base_to_time
| choke me
| #endif
| 
| int
| main ()
| {
| return time_base_to_time ();
|   ;
|   return 0;
| }
configure:16469: result: no
configure:16469: checking for drand48
configure:16469: gcc -o conftest -O3 -fomit-frame-pointer -mtune=native -fstrict-aliasing -ffast-math   conftest.c -lm  >&5
configure:16469: $? = 0
configure:16469: result: yes
configure:16469: checking for sqrt
configure:16469: gcc -o conftest -O3 -fomit-frame-pointer -mtune=native -fstrict-aliasing -ffast-math   conftest.c -lm  >&5
conftest.c:78:6: warning: incompatible redeclaration of library function 'sqrt' [-Wincompatible-library-redeclaration]
char sqrt ();
     ^
conftest.c:78:6: note: 'sqrt' is a builtin with type 'double (double)'
1 warning generated.
configure:16469: $? = 0
configure:16469: result: yes
configure:16469: checking for memset
configure:16469: gcc -o conftest -O3 -fomit-frame-pointer -mtune=native -fstrict-aliasing -ffast-math   conftest.c -lm  >&5
conftest.c:79:6: warning: incompatible redeclaration of library function 'memset' [-Wincompatible-library-redeclaration]
char memset ();
     ^
conftest.c:79:6: note: 'memset' is a builtin with type 'void *(void *, int, unsigned long)'
1 warning generated.
configure:16469: $? = 0
configure:16469: result: yes
configure:16469: checking for posix_memalign
configure:16469: gcc -o conftest -O3 -fomit-frame-pointer -mtune=native -fstrict-aliasing -ffast-math   conftest.c -lm  >&5
configure:16469: $? = 0
configure:16469: result: yes
configure:16469: checking for memalign
configure:16469: gcc -o conftest -O3 -fomit-frame-pointer -mtune=native -fstrict-aliasing -ffast-math   conftest.c -lm  >&5
Undefined symbols for architecture x86_64:
  "_memalign", referenced from:
      _main in conftest-e448a7.o
ld: symbol(s) not found for architecture x86_64
clang: error: linker command failed with exit code 1 (use -v to see invocation)
configure:16469: $? = 1
configure: failed program was:
| /* confdefs.h */
| #define PACKAGE_NAME "fftw"
| #define PACKAGE_TARNAME "fftw"
| #define PACKAGE_VERSION "3.3.5"
| #define PACKAGE_STRING "fftw 3.3.5"
| #define PACKAGE_BUGREPORT "fftw@fftw.org"
| #define PACKAGE_URL ""
| #define PACKAGE "fftw"
| #define VERSION "3.3.5"
| #define FFTW_ENABLE_ALLOCA 1
| #define STDC_HEADERS 1
| #define HAVE_SYS_TYPES_H 1
| #define HAVE_SYS_STAT_H 1
| #define HAVE_STDLIB_H 1
| #define HAVE_STRING_H 1
| #define HAVE_MEMORY_H 1
| #define HAVE_STRINGS_H 1
| #define HAVE_INTTYPES_H 1
| #define HAVE_STDINT_H 1
| #define HAVE_UNISTD_H 1
| #define HAVE_DLFCN_H 1
| #define LT_OBJDIR ".libs/"
| #define STDC_HEADERS 1
| #define HAVE_STDDEF_H 1
| #define HAVE_STDLIB_H 1
| #define HAVE_STRING_H 1
| #define HAVE_STRINGS_H 1
| #define HAVE_SYS_TIME_H 1
| #define HAVE_UNISTD_H 1
| #define HAVE_LIMITS_H 1
| #define HAVE_STDINT_H 1
| #define HAVE_MACH_MACH_TIME_H 1
| #define HAVE_SYS_SYSCTL_H 1
| #define TIME_WITH_SYS_TIME 1
| #define HAVE_LONG_DOUBLE 1
| #define SIZEOF_INT 4
| #define SIZEOF_UNSIGNED_INT 4
| #define SIZEOF_LONG 8
| #define SIZEOF_UNSIGNED_LONG 8
| #define SIZEOF_LONG_LONG 8
| #define SIZEOF_UNSIGNED_LONG_LONG 8
| #define SIZEOF_SIZE_T 8
| #define SIZEOF_PTRDIFF_T 8
| #define HAVE_UINTPTR_T 1
| #define SIZEOF_FLOAT 4
| #define SIZEOF_DOUBLE 8
| #define SIZEOF_FFTW_R2R_KIND 4
| #define HAVE_ALLOCA_H 1
| #define HAVE_ALLOCA 1
| #define HAVE_VPRINTF 1
| #define HAVE_LIBM 1
| #define HAVE_GETTIMEOFDAY 1
| #define HAVE_DRAND48 1
| #define HAVE_SQRT 1
| #define HAVE_MEMSET 1
| #define HAVE_POSIX_MEMALIGN 1
| /* end confdefs.h.  */
| /* Define memalign to an innocuous variant, in case <limits.h> declares memalign.
|    For example, HP-UX 11i <limits.h> declares gettimeofday.  */
| #define memalign innocuous_memalign
| 
| /* System header to define __stub macros and hopefully few prototypes,
|     which can conflict with char memalign (); below.
|     Prefer <limits.h> to <assert.h> if __STDC__ is defined, since
|     <limits.h> exists even on freestanding compilers.  */
| 
| #ifdef __STDC__
| # include <limits.h>
| #else
| # include <assert.h>
| #endif
| 
| #undef memalign
| 
| /* Override any GCC internal prototype to avoid an error.
|    Use char because int might match the return type of a GCC
|    builtin and then its argument prototype would still apply.  */
| #ifdef __cplusplus
| extern "C"
| #endif
| char memalign ();
| /* The GNU C library defines this for functions which it implements
|     to always fail with ENOSYS.  Some functions are actually named
|     something starting with __ and the normal name is an alias.  */
| #if defined __stub_memalign || defined __stub___memalign
| choke me
| #endif
| 
| int
| main ()
| {
| return memalign ();
|   ;
|   return 0;
| }
configure:16469: result: no
configure:16469: checking for _mm_malloc
configure:16469: gcc -o conftest -O3 -fomit-frame-pointer -mtune=native -fstrict-aliasing -ffast-math   conftest.c -lm  >&5
Undefined symbols for architecture x86_64:
  "__mm_malloc", referenced from:
      _main in conftest-23b906.o
ld: symbol(s) not found for architecture x86_64
clang: error: linker command failed with exit code 1 (use -v to see invocation)
configure:16469: $? = 1
configure: failed program was:
| /* confdefs.h */
| #define PACKAGE_NAME "fftw"
| #define PACKAGE_TARNAME "fftw"
| #define PACKAGE_VERSION "3.3.5"
| #define PACKAGE_STRING "fftw 3.3.5"
| #define PACKAGE_BUGREPORT "fftw@fftw.org"
| #define PACKAGE_URL ""
| #define PACKAGE "fftw"
| #define VERSION "3.3.5"
| #define FFTW_ENABLE_ALLOCA 1
| #define STDC_HEADERS 1
| #define HAVE_SYS_TYPES_H 1
| #define HAVE_SYS_STAT_H 1
| #define HAVE_STDLIB_H 1
| #define HAVE_STRING_H 1
| #define HAVE_MEMORY_H 1
| #define HAVE_STRINGS_H 1
| #define HAVE_INTTYPES_H 1
| #define HAVE_STDINT_H 1
| #define HAVE_UNISTD_H 1
| #define HAVE_DLFCN_H 1
| #define LT_OBJDIR ".libs/"
| #define STDC_HEADERS 1
| #define HAVE_STDDEF_H 1
| #define HAVE_STDLIB_H 1
| #define HAVE_STRING_H 1
| #define HAVE_STRINGS_H 1
| #define HAVE_SYS_TIME_H 1
| #define HAVE_UNISTD_H 1
| #define HAVE_LIMITS_H 1
| #define HAVE_STDINT_H 1
| #define HAVE_MACH_MACH_TIME_H 1
| #define HAVE_SYS_SYSCTL_H 1
| #define TIME_WITH_SYS_TIME 1
| #define HAVE_LONG_DOUBLE 1
| #define SIZEOF_INT 4
| #define SIZEOF_UNSIGNED_INT 4
| #define SIZEOF_LONG 8
| #define SIZEOF_UNSIGNED_LONG 8
| #define SIZEOF_LONG_LONG 8
| #define SIZEOF_UNSIGNED_LONG_LONG 8
| #define SIZEOF_SIZE_T 8
| #define SIZEOF_PTRDIFF_T 8
| #define HAVE_UINTPTR_T 1
| #define SIZEOF_FLOAT 4
| #define SIZEOF_DOUBLE 8
| #define SIZEOF_FFTW_R2R_KIND 4
| #define HAVE_ALLOCA_H 1
| #define HAVE_ALLOCA 1
| #define HAVE_VPRINTF 1
| #define HAVE_LIBM 1
| #define HAVE_GETTIMEOFDAY 1
| #define HAVE_DRAND48 1
| #define HAVE_SQRT 1
| #define HAVE_MEMSET 1
| #define HAVE_POSIX_MEMALIGN 1
| /* end confdefs.h.  */
| /* Define _mm_malloc to an innocuous variant, in case <limits.h> declares _mm_malloc.
|    For example, HP-UX 11i <limits.h> declares gettimeofday.  */
| #define _mm_malloc innocuous__mm_malloc
| 
| /* System header to define __stub macros and hopefully few prototypes,
|     which can conflict with char _mm_malloc (); below.
|     Prefer <limits.h> to <assert.h> if __STDC__ is defined, since
|     <limits.h> exists even on freestanding compilers.  */
| 
| #ifdef __STDC__
| # include <limits.h>
| #else
| # include <assert.h>
| #endif
| 
| #undef _mm_malloc
| 
| /* Override any GCC internal prototype to avoid an error.
|    Use char because int might match the return type of a GCC
|    builtin and then its argument prototype would still apply.  */
| #ifdef __cplusplus
| extern "C"
| #endif
| char _mm_malloc ();
| /* The GNU C library defines this for functions which it implements
|     to always fail with ENOSYS.  Some functions are actually named
|     something starting with __ and the normal name is an alias.  */
| #if defined __stub__mm_malloc || defined __stub____mm_malloc
| choke me
| #endif
| 
| int
| main ()
| {
| return _mm_malloc ();
|   ;
|   return 0;
| }
configure:16469: result: no
configure:16469: checking for _mm_free
configure:16469: gcc -o conftest -O3 -fomit-frame-pointer -mtune=native -fstrict-aliasing -ffast-math   conftest.c -lm  >&5
Undefined symbols for architecture x86_64:
  "__mm_free", referenced from:
      _main in conftest-8e7f5c.o
ld: symbol(s) not found for architecture x86_64
clang: error: linker command failed with exit code 1 (use -v to see invocation)
configure:16469: $? = 1
configure: failed program was:
| /* confdefs.h */
| #define PACKAGE_NAME "fftw"
| #define PACKAGE_TARNAME "fftw"
| #define PACKAGE_VERSION "3.3.5"
| #define PACKAGE_STRING "fftw 3.3.5"
| #define PACKAGE_BUGREPORT "fftw@fftw.org"
| #define PACKAGE_URL ""
| #define PACKAGE "fftw"
| #define VERSION "3.3.5"
| #define FFTW_ENABLE_ALLOCA 1
| #define STDC_HEADERS 1
| #define HAVE_SYS_TYPES_H 1
| #define HAVE_SYS_STAT_H 1
| #define HAVE_STDLIB_H 1
| #define HAVE_STRING_H 1
| #define HAVE_MEMORY_H 1
| #define HAVE_STRINGS_H 1
| #define HAVE_INTTYPES_H 1
| #define HAVE_STDINT_H 1
| #define HAVE_UNISTD_H 1
| #define HAVE_DLFCN_H 1
| #define LT_OBJDIR ".libs/"
| #define STDC_HEADERS 1
| #define HAVE_STDDEF_H 1
| #define HAVE_STDLIB_H 1
| #define HAVE_STRING_H 1
| #define HAVE_STRINGS_H 1
| #define HAVE_SYS_TIME_H 1
| #define HAVE_UNISTD_H 1
| #define HAVE_LIMITS_H 1
| #define HAVE_STDINT_H 1
| #define HAVE_MACH_MACH_TIME_H 1
| #define HAVE_SYS_SYSCTL_H 1
| #define TIME_WITH_SYS_TIME 1
| #define HAVE_LONG_DOUBLE 1
| #define SIZEOF_INT 4
| #define SIZEOF_UNSIGNED_INT 4
| #define SIZEOF_LONG 8
| #define SIZEOF_UNSIGNED_LONG 8
| #define SIZEOF_LONG_LONG 8
| #define SIZEOF_UNSIGNED_LONG_LONG 8
| #define SIZEOF_SIZE_T 8
| #define SIZEOF_PTRDIFF_T 8
| #define HAVE_UINTPTR_T 1
| #define SIZEOF_FLOAT 4
| #define SIZEOF_DOUBLE 8
| #define SIZEOF_FFTW_R2R_KIND 4
| #define HAVE_ALLOCA_H 1
| #define HAVE_ALLOCA 1
| #define HAVE_VPRINTF 1
| #define HAVE_LIBM 1
| #define HAVE_GETTIMEOFDAY 1
| #define HAVE_DRAND48 1
| #define HAVE_SQRT 1
| #define HAVE_MEMSET 1
| #define HAVE_POSIX_MEMALIGN 1
| /* end confdefs.h.  */
| /* Define _mm_free to an innocuous variant, in case <limits.h> declares _mm_free.
|    For example, HP-UX 11i <limits.h> declares gettimeofday.  */
| #define _mm_free innocuous__mm_free
| 
| /* System header to define __stub macros and hopefully few prototypes,
|     which can conflict with char _mm_free (); below.
|     Prefer <limits.h> to <assert.h> if __STDC__ is defined, since
|     <limits.h> exists even on freestanding compilers.  */
| 
| #ifdef __STDC__
| # include <limits.h>
| #else
| # include <assert.h>
| #endif
| 
| #undef _mm_free
| 
| /* Override any GCC internal prototype to avoid an error.
|    Use char because int might match the return type of a GCC
|    builtin and then its argument prototype would still apply.  */
| #ifdef __cplusplus
| extern "C"
| #endif
| char _mm_free ();
| /* The GNU C library defines this for functions which it implements
|     to always fail with ENOSYS.  Some functions are actually named
|     something starting with __ and the normal name is an alias.  */
| #if defined __stub__mm_free || defined __stub____mm_free
| choke me
| #endif
| 
| int
| main ()
| {
| return _mm_free ();
|   ;
|   return 0;
| }
configure:16469: result: no
configure:16469: checking for clock_gettime
configure:16469: gcc -o conftest -O3 -fomit-frame-pointer -mtune=native -fstrict-aliasing -ffast-math   conftest.c -lm  >&5
configure:16469: $? = 0
configure:16469: result: yes
configure:16469: checking for mach_absolute_time
configure:16469: gcc -o conftest -O3 -fomit-frame-pointer -mtune=native -fstrict-aliasing -ffast-math   conftest.c -lm  >&5
configure:16469: $? = 0
configure:16469: result: yes
configure:16469: checking for sysctl
configure:16469: gcc -o conftest -O3 -fomit-frame-pointer -mtune=native -fstrict-aliasing -ffast-math   conftest.c -lm  >&5
configure:16469: $? = 0
configure:16469: result: yes
configure:16469: checking for abort
configure:16469: gcc -o conftest -O3 -fomit-frame-pointer -mtune=native -fstrict-aliasing -ffast-math   conftest.c -lm  >&5
conftest.c:84:6: warning: incompatible redeclaration of library function 'abort' [-Wincompatible-library-redeclaration]
char abort ();
     ^
conftest.c:84:6: note: 'abort' is a builtin with type 'void (void) __attribute__((noreturn))'
1 warning generated.
configure:16469: $? = 0
configure:16469: result: yes
configure:16469: checking for sinl
configure:16469: gcc -o conftest -O3 -fomit-frame-pointer -mtune=native -fstrict-aliasing -ffast-math   conftest.c -lm  >&5
conftest.c:85:6: warning: incompatible redeclaration of library function 'sinl' [-Wincompatible-library-redeclaration]
char sinl ();
     ^
conftest.c:85:6: note: 'sinl' is a builtin with type 'long double (long double)'
1 warning generated.
configure:16469: $? = 0
configure:16469: result: yes
configure:16469: checking for cosl
configure:16469: gcc -o conftest -O3 -fomit-frame-pointer -mtune=native -fstrict-aliasing -ffast-math   conftest.c -lm  >&5
conftest.c:86:6: warning: incompatible redeclaration of library function 'cosl' [-Wincompatible-library-redeclaration]
char cosl ();
     ^
conftest.c:86:6: note: 'cosl' is a builtin with type 'long double (long double)'
1 warning generated.
configure:16469: $? = 0
configure:16469: result: yes
configure:16469: checking for snprintf
configure:16469: gcc -o conftest -O3 -fomit-frame-pointer -mtune=native -fstrict-aliasing -ffast-math   conftest.c -lm  >&5
conftest.c:87:6: warning: incompatible redeclaration of library function 'snprintf' [-Wincompatible-library-redeclaration]
char snprintf ();
     ^
conftest.c:87:6: note: 'snprintf' is a builtin with type 'int (char *, unsigned long, const char *, ...)'
1 warning generated.
configure:16469: $? = 0
configure:16469: result: yes
configure:16478: checking whether sinl is declared
configure:16478: gcc -c -O3 -fomit-frame-pointer -mtune=native -fstrict-aliasing -ffast-math  conftest.c >&5
configure:16478: $? = 0
configure:16478: result: yes
configure:16489: checking whether cosl is declared
configure:16489: gcc -c -O3 -fomit-frame-pointer -mtune=native -fstrict-aliasing -ffast-math  conftest.c >&5
configure:16489: $? = 0
configure:16489: result: yes
configure:16500: checking whether sinq is declared
configure:16500: gcc -c -O3 -fomit-frame-pointer -mtune=native -fstrict-aliasing -ffast-math  conftest.c >&5
conftest.c:76:10: error: use of undeclared identifier 'sinq'; did you mean 'int'?
  (void) sinq;
         ^~~~
         int
conftest.c:76:10: error: expected expression
2 errors generated.
configure:16500: $? = 1
configure: failed program was:
| /* confdefs.h */
| #define PACKAGE_NAME "fftw"
| #define PACKAGE_TARNAME "fftw"
| #define PACKAGE_VERSION "3.3.5"
| #define PACKAGE_STRING "fftw 3.3.5"
| #define PACKAGE_BUGREPORT "fftw@fftw.org"
| #define PACKAGE_URL ""
| #define PACKAGE "fftw"
| #define VERSION "3.3.5"
| #define FFTW_ENABLE_ALLOCA 1
| #define STDC_HEADERS 1
| #define HAVE_SYS_TYPES_H 1
| #define HAVE_SYS_STAT_H 1
| #define HAVE_STDLIB_H 1
| #define HAVE_STRING_H 1
| #define HAVE_MEMORY_H 1
| #define HAVE_STRINGS_H 1
| #define HAVE_INTTYPES_H 1
| #define HAVE_STDINT_H 1
| #define HAVE_UNISTD_H 1
| #define HAVE_DLFCN_H 1
| #define LT_OBJDIR ".libs/"
| #define STDC_HEADERS 1
| #define HAVE_STDDEF_H 1
| #define HAVE_STDLIB_H 1
| #define HAVE_STRING_H 1
| #define HAVE_STRINGS_H 1
| #define HAVE_SYS_TIME_H 1
| #define HAVE_UNISTD_H 1
| #define HAVE_LIMITS_H 1
| #define HAVE_STDINT_H 1
| #define HAVE_MACH_MACH_TIME_H 1
| #define HAVE_SYS_SYSCTL_H 1
| #define TIME_WITH_SYS_TIME 1
| #define HAVE_LONG_DOUBLE 1
| #define SIZEOF_INT 4
| #define SIZEOF_UNSIGNED_INT 4
| #define SIZEOF_LONG 8
| #define SIZEOF_UNSIGNED_LONG 8
| #define SIZEOF_LONG_LONG 8
| #define SIZEOF_UNSIGNED_LONG_LONG 8
| #define SIZEOF_SIZE_T 8
| #define SIZEOF_PTRDIFF_T 8
| #define HAVE_UINTPTR_T 1
| #define SIZEOF_FLOAT 4
| #define SIZEOF_DOUBLE 8
| #define SIZEOF_FFTW_R2R_KIND 4
| #define HAVE_ALLOCA_H 1
| #define HAVE_ALLOCA 1
| #define HAVE_VPRINTF 1
| #define HAVE_LIBM 1
| #define HAVE_GETTIMEOFDAY 1
| #define HAVE_DRAND48 1
| #define HAVE_SQRT 1
| #define HAVE_MEMSET 1
| #define HAVE_POSIX_MEMALIGN 1
| #define HAVE_CLOCK_GETTIME 1
| #define HAVE_MACH_ABSOLUTE_TIME 1
| #define HAVE_SYSCTL 1
| #define HAVE_ABORT 1
| #define HAVE_SINL 1
| #define HAVE_COSL 1
| #define HAVE_SNPRINTF 1
| #define HAVE_DECL_SINL 1
| #define HAVE_DECL_COSL 1
| /* end confdefs.h.  */
| #include <math.h>
| 
| int
| main ()
| {
| #ifndef sinq
| #ifdef __cplusplus
|   (void) sinq;
| #else
|   (void) sinq;
| #endif
| #endif
| 
|   ;
|   return 0;
| }
configure:16500: result: no
configure:16511: checking whether cosq is declared
configure:16511: gcc -c -O3 -fomit-frame-pointer -mtune=native -fstrict-aliasing -ffast-math  conftest.c >&5
conftest.c:77:10: error: use of undeclared identifier 'cosq'; did you mean 'const'?
  (void) cosq;
         ^~~~
         const
conftest.c:77:10: error: expected expression
2 errors generated.
configure:16511: $? = 1
configure: failed program was:
| /* confdefs.h */
| #define PACKAGE_NAME "fftw"
| #define PACKAGE_TARNAME "fftw"
| #define PACKAGE_VERSION "3.3.5"
| #define PACKAGE_STRING "fftw 3.3.5"
| #define PACKAGE_BUGREPORT "fftw@fftw.org"
| #define PACKAGE_URL ""
| #define PACKAGE "fftw"
| #define VERSION "3.3.5"
| #define FFTW_ENABLE_ALLOCA 1
| #define STDC_HEADERS 1
| #define HAVE_SYS_TYPES_H 1
| #define HAVE_SYS_STAT_H 1
| #define HAVE_STDLIB_H 1
| #define HAVE_STRING_H 1
| #define HAVE_MEMORY_H 1
| #define HAVE_STRINGS_H 1
| #define HAVE_INTTYPES_H 1
| #define HAVE_STDINT_H 1
| #define HAVE_UNISTD_H 1
| #define HAVE_DLFCN_H 1
| #define LT_OBJDIR ".libs/"
| #define STDC_HEADERS 1
| #define HAVE_STDDEF_H 1
| #define HAVE_STDLIB_H 1
| #define HAVE_STRING_H 1
| #define HAVE_STRINGS_H 1
| #define HAVE_SYS_TIME_H 1
| #define HAVE_UNISTD_H 1
| #define HAVE_LIMITS_H 1
| #define HAVE_STDINT_H 1
| #define HAVE_MACH_MACH_TIME_H 1
| #define HAVE_SYS_SYSCTL_H 1
| #define TIME_WITH_SYS_TIME 1
| #define HAVE_LONG_DOUBLE 1
| #define SIZEOF_INT 4
| #define SIZEOF_UNSIGNED_INT 4
| #define SIZEOF_LONG 8
| #define SIZEOF_UNSIGNED_LONG 8
| #define SIZEOF_LONG_LONG 8
| #define SIZEOF_UNSIGNED_LONG_LONG 8
| #define SIZEOF_SIZE_T 8
| #define SIZEOF_PTRDIFF_T 8
| #define HAVE_UINTPTR_T 1
| #define SIZEOF_FLOAT 4
| #define SIZEOF_DOUBLE 8
| #define SIZEOF_FFTW_R2R_KIND 4
| #define HAVE_ALLOCA_H 1
| #define HAVE_ALLOCA 1
| #define HAVE_VPRINTF 1
| #define HAVE_LIBM 1
| #define HAVE_GETTIMEOFDAY 1
| #define HAVE_DRAND48 1
| #define HAVE_SQRT 1
| #define HAVE_MEMSET 1
| #define HAVE_POSIX_MEMALIGN 1
| #define HAVE_CLOCK_GETTIME 1
| #define HAVE_MACH_ABSOLUTE_TIME 1
| #define HAVE_SYSCTL 1
| #define HAVE_ABORT 1
| #define HAVE_SINL 1
| #define HAVE_COSL 1
| #define HAVE_SNPRINTF 1
| #define HAVE_DECL_SINL 1
| #define HAVE_DECL_COSL 1
| #define HAVE_DECL_SINQ 0
| /* end confdefs.h.  */
| #include <math.h>
| 
| int
| main ()
| {
| #ifndef cosq
| #ifdef __cplusplus
|   (void) cosq;
| #else
|   (void) cosq;
| #endif
| #endif
| 
|   ;
|   return 0;
| }
configure:16511: result: no
configure:16523: checking whether memalign is declared
configure:16523: gcc -c -O3 -fomit-frame-pointer -mtune=native -fstrict-aliasing -ffast-math  conftest.c >&5
conftest.c:81:10: error: use of undeclared identifier 'memalign'
  (void) memalign;
         ^
1 error generated.
configure:16523: $? = 1
configure: failed program was:
| /* confdefs.h */
| #define PACKAGE_NAME "fftw"
| #define PACKAGE_TARNAME "fftw"
| #define PACKAGE_VERSION "3.3.5"
| #define PACKAGE_STRING "fftw 3.3.5"
| #define PACKAGE_BUGREPORT "fftw@fftw.org"
| #define PACKAGE_URL ""
| #define PACKAGE "fftw"
| #define VERSION "3.3.5"
| #define FFTW_ENABLE_ALLOCA 1
| #define STDC_HEADERS 1
| #define HAVE_SYS_TYPES_H 1
| #define HAVE_SYS_STAT_H 1
| #define HAVE_STDLIB_H 1
| #define HAVE_STRING_H 1
| #define HAVE_MEMORY_H 1
| #define HAVE_STRINGS_H 1
| #define HAVE_INTTYPES_H 1
| #define HAVE_STDINT_H 1
| #define HAVE_UNISTD_H 1
| #define HAVE_DLFCN_H 1
| #define LT_OBJDIR ".libs/"
| #define STDC_HEADERS 1
| #define HAVE_STDDEF_H 1
| #define HAVE_STDLIB_H 1
| #define HAVE_STRING_H 1
| #define HAVE_STRINGS_H 1
| #define HAVE_SYS_TIME_H 1
| #define HAVE_UNISTD_H 1
| #define HAVE_LIMITS_H 1
| #define HAVE_STDINT_H 1
| #define HAVE_MACH_MACH_TIME_H 1
| #define HAVE_SYS_SYSCTL_H 1
| #define TIME_WITH_SYS_TIME 1
| #define HAVE_LONG_DOUBLE 1
| #define SIZEOF_INT 4
| #define SIZEOF_UNSIGNED_INT 4
| #define SIZEOF_LONG 8
| #define SIZEOF_UNSIGNED_LONG 8
| #define SIZEOF_LONG_LONG 8
| #define SIZEOF_UNSIGNED_LONG_LONG 8
| #define SIZEOF_SIZE_T 8
| #define SIZEOF_PTRDIFF_T 8
| #define HAVE_UINTPTR_T 1
| #define SIZEOF_FLOAT 4
| #define SIZEOF_DOUBLE 8
| #define SIZEOF_FFTW_R2R_KIND 4
| #define HAVE_ALLOCA_H 1
| #define HAVE_ALLOCA 1
| #define HAVE_VPRINTF 1
| #define HAVE_LIBM 1
| #define HAVE_GETTIMEOFDAY 1
| #define HAVE_DRAND48 1
| #define HAVE_SQRT 1
| #define HAVE_MEMSET 1
| #define HAVE_POSIX_MEMALIGN 1
| #define HAVE_CLOCK_GETTIME 1
| #define HAVE_MACH_ABSOLUTE_TIME 1
| #define HAVE_SYSCTL 1
| #define HAVE_ABORT 1
| #define HAVE_SINL 1
| #define HAVE_COSL 1
| #define HAVE_SNPRINTF 1
| #define HAVE_DECL_SINL 1
| #define HAVE_DECL_COSL 1
| #define HAVE_DECL_SINQ 0
| #define HAVE_DECL_COSQ 0
| /* end confdefs.h.  */
| 
| #ifdef HAVE_MALLOC_H
| #include <malloc.h>
| #endif
| 
| int
| main ()
| {
| #ifndef memalign
| #ifdef __cplusplus
|   (void) memalign;
| #else
|   (void) memalign;
| #endif
| #endif
| 
|   ;
|   return 0;
| }
configure:16523: result: no
configure:16538: checking whether drand48 is declared
configure:16538: gcc -c -O3 -fomit-frame-pointer -mtune=native -fstrict-aliasing -ffast-math  conftest.c >&5
configure:16538: $? = 0
configure:16538: result: yes
configure:16548: checking whether srand48 is declared
configure:16548: gcc -c -O3 -fomit-frame-pointer -mtune=native -fstrict-aliasing -ffast-math  conftest.c >&5
configure:16548: $? = 0
configure:16548: result: yes
configure:16558: checking whether posix_memalign is declared
configure:16558: gcc -c -O3 -fomit-frame-pointer -mtune=native -fstrict-aliasing -ffast-math  conftest.c >&5
configure:16558: $? = 0
configure:16558: result: yes
configure:16569: checking for _rtc intrinsic
configure:16585: gcc -o conftest -O3 -fomit-frame-pointer -mtune=native -fstrict-aliasing -ffast-math   conftest.c -lm  >&5
conftest.c:79:1: warning: implicit declaration of function '_rtc' is invalid in C99 [-Wimplicit-function-declaration]
_rtc()
^
1 warning generated.
Undefined symbols for architecture x86_64:
  "__rtc", referenced from:
      _main in conftest-d697e2.o
ld: symbol(s) not found for architecture x86_64
clang: error: linker command failed with exit code 1 (use -v to see invocation)
configure:16585: $? = 1
configure: failed program was:
| /* confdefs.h */
| #define PACKAGE_NAME "fftw"
| #define PACKAGE_TARNAME "fftw"
| #define PACKAGE_VERSION "3.3.5"
| #define PACKAGE_STRING "fftw 3.3.5"
| #define PACKAGE_BUGREPORT "fftw@fftw.org"
| #define PACKAGE_URL ""
| #define PACKAGE "fftw"
| #define VERSION "3.3.5"
| #define FFTW_ENABLE_ALLOCA 1
| #define STDC_HEADERS 1
| #define HAVE_SYS_TYPES_H 1
| #define HAVE_SYS_STAT_H 1
| #define HAVE_STDLIB_H 1
| #define HAVE_STRING_H 1
| #define HAVE_MEMORY_H 1
| #define HAVE_STRINGS_H 1
| #define HAVE_INTTYPES_H 1
| #define HAVE_STDINT_H 1
| #define HAVE_UNISTD_H 1
| #define HAVE_DLFCN_H 1
| #define LT_OBJDIR ".libs/"
| #define STDC_HEADERS 1
| #define HAVE_STDDEF_H 1
| #define HAVE_STDLIB_H 1
| #define HAVE_STRING_H 1
| #define HAVE_STRINGS_H 1
| #define HAVE_SYS_TIME_H 1
| #define HAVE_UNISTD_H 1
| #define HAVE_LIMITS_H 1
| #define HAVE_STDINT_H 1
| #define HAVE_MACH_MACH_TIME_H 1
| #define HAVE_SYS_SYSCTL_H 1
| #define TIME_WITH_SYS_TIME 1
| #define HAVE_LONG_DOUBLE 1
| #define SIZEOF_INT 4
| #define SIZEOF_UNSIGNED_INT 4
| #define SIZEOF_LONG 8
| #define SIZEOF_UNSIGNED_LONG 8
| #define SIZEOF_LONG_LONG 8
| #define SIZEOF_UNSIGNED_LONG_LONG 8
| #define SIZEOF_SIZE_T 8
| #define SIZEOF_PTRDIFF_T 8
| #define HAVE_UINTPTR_T 1
| #define SIZEOF_FLOAT 4
| #define SIZEOF_DOUBLE 8
| #define SIZEOF_FFTW_R2R_KIND 4
| #define HAVE_ALLOCA_H 1
| #define HAVE_ALLOCA 1
| #define HAVE_VPRINTF 1
| #define HAVE_LIBM 1
| #define HAVE_GETTIMEOFDAY 1
| #define HAVE_DRAND48 1
| #define HAVE_SQRT 1
| #define HAVE_MEMSET 1
| #define HAVE_POSIX_MEMALIGN 1
| #define HAVE_CLOCK_GETTIME 1
| #define HAVE_MACH_ABSOLUTE_TIME 1
| #define HAVE_SYSCTL 1
| #define HAVE_ABORT 1
| #define HAVE_SINL 1
| #define HAVE_COSL 1
| #define HAVE_SNPRINTF 1
| #define HAVE_DECL_SINL 1
| #define HAVE_DECL_COSL 1
| #define HAVE_DECL_SINQ 0
| #define HAVE_DECL_COSQ 0
| #define HAVE_DECL_MEMALIGN 0
| #define HAVE_DECL_DRAND48 1
| #define HAVE_DECL_SRAND48 1
| #define HAVE_DECL_POSIX_MEMALIGN 1
| /* end confdefs.h.  */
| #ifdef HAVE_INTRINSICS_H
| #include <intrinsics.h>
| #endif
| int
| main ()
| {
| _rtc()
|   ;
|   return 0;
| }
configure:16594: result: no
configure:16614: checking for isnan
configure:16628: gcc -o conftest -O3 -fomit-frame-pointer -mtune=native -fstrict-aliasing -ffast-math   conftest.c -lm  >&5
configure:16628: $? = 0
configure:16640: result: yes
configure:16647: checking whether C compiler accepts -mpreferred-stack-boundary=4
configure:16666: gcc -c -mpreferred-stack-boundary=4  conftest.c >&5
clang: error: unknown argument: '-mpreferred-stack-boundary=4'
configure:16666: $? = 1
configure: failed program was:
| /* confdefs.h */
| #define PACKAGE_NAME "fftw"
| #define PACKAGE_TARNAME "fftw"
| #define PACKAGE_VERSION "3.3.5"
| #define PACKAGE_STRING "fftw 3.3.5"
| #define PACKAGE_BUGREPORT "fftw@fftw.org"
| #define PACKAGE_URL ""
| #define PACKAGE "fftw"
| #define VERSION "3.3.5"
| #define FFTW_ENABLE_ALLOCA 1
| #define STDC_HEADERS 1
| #define HAVE_SYS_TYPES_H 1
| #define HAVE_SYS_STAT_H 1
| #define HAVE_STDLIB_H 1
| #define HAVE_STRING_H 1
| #define HAVE_MEMORY_H 1
| #define HAVE_STRINGS_H 1
| #define HAVE_INTTYPES_H 1
| #define HAVE_STDINT_H 1
| #define HAVE_UNISTD_H 1
| #define HAVE_DLFCN_H 1
| #define LT_OBJDIR ".libs/"
| #define STDC_HEADERS 1
| #define HAVE_STDDEF_H 1
| #define HAVE_STDLIB_H 1
| #define HAVE_STRING_H 1
| #define HAVE_STRINGS_H 1
| #define HAVE_SYS_TIME_H 1
| #define HAVE_UNISTD_H 1
| #define HAVE_LIMITS_H 1
| #define HAVE_STDINT_H 1
| #define HAVE_MACH_MACH_TIME_H 1
| #define HAVE_SYS_SYSCTL_H 1
| #define TIME_WITH_SYS_TIME 1
| #define HAVE_LONG_DOUBLE 1
| #define SIZEOF_INT 4
| #define SIZEOF_UNSIGNED_INT 4
| #define SIZEOF_LONG 8
| #define SIZEOF_UNSIGNED_LONG 8
| #define SIZEOF_LONG_LONG 8
| #define SIZEOF_UNSIGNED_LONG_LONG 8
| #define SIZEOF_SIZE_T 8
| #define SIZEOF_PTRDIFF_T 8
| #define HAVE_UINTPTR_T 1
| #define SIZEOF_FLOAT 4
| #define SIZEOF_DOUBLE 8
| #define SIZEOF_FFTW_R2R_KIND 4
| #define HAVE_ALLOCA_H 1
| #define HAVE_ALLOCA 1
| #define HAVE_VPRINTF 1
| #define HAVE_LIBM 1
| #define HAVE_GETTIMEOFDAY 1
| #define HAVE_DRAND48 1
| #define HAVE_SQRT 1
| #define HAVE_MEMSET 1
| #define HAVE_POSIX_MEMALIGN 1
| #define HAVE_CLOCK_GETTIME 1
| #define HAVE_MACH_ABSOLUTE_TIME 1
| #define HAVE_SYSCTL 1
| #define HAVE_ABORT 1
| #define HAVE_SINL 1
| #define HAVE_COSL 1
| #define HAVE_SNPRINTF 1
| #define HAVE_DECL_SINL 1
| #define HAVE_DECL_COSL 1
| #define HAVE_DECL_SINQ 0
| #define HAVE_DECL_COSQ 0
| #define HAVE_DECL_MEMALIGN 0
| #define HAVE_DECL_DRAND48 1
| #define HAVE_DECL_SRAND48 1
| #define HAVE_DECL_POSIX_MEMALIGN 1
| #define HAVE_ISNAN 1
| /* end confdefs.h.  */
| 
| int
| main ()
| {
| 
|   ;
|   return 0;
| }
configure:16676: result: no
configure:16938: checking for g77
configure:16968: result: no
configure:16938: checking for xlf
configure:16968: result: no
configure:16938: checking for f77
configure:16968: result: no
configure:16938: checking for frt
configure:16968: result: no
configure:16938: checking for pgf77
configure:16968: result: no
configure:16938: checking for cf77
configure:16968: result: no
configure:16938: checking for fort77
configure:16968: result: no
configure:16938: checking for fl32
configure:16968: result: no
configure:16938: checking for af77
configure:16968: result: no
configure:16938: checking for xlf90
configure:16968: result: no
configure:16938: checking for f90
configure:16968: result: no
configure:16938: checking for pgf90
configure:16968: result: no
configure:16938: checking for pghpf
configure:16968: result: no
configure:16938: checking for epcf90
configure:16968: result: no
configure:16938: checking for gfortran
configure:16968: result: no
configure:16938: checking for g95
configure:16968: result: no
configure:16938: checking for xlf95
configure:16968: result: no
configure:16938: checking for f95
configure:16968: result: no
configure:16938: checking for fort
configure:16968: result: no
configure:16938: checking for ifort
configure:16968: result: no
configure:16938: checking for ifc
configure:16968: result: no
configure:16938: checking for efc
configure:16968: result: no
configure:16938: checking for pgfortran
configure:16968: result: no
configure:16938: checking for pgf95
configure:16968: result: no
configure:16938: checking for lf95
configure:16968: result: no
configure:16938: checking for ftn
configure:16968: result: no
configure:16938: checking for nagfor
configure:16968: result: no
configure:16991: checking for Fortran 77 compiler version
configure:17000:  --version >&5
./configure: line 17002: --version: command not found
configure:17011: $? = 127
configure:17000:  -v >&5
./configure: line 17002: -v: command not found
configure:17011: $? = 127
configure:17000:  -V >&5
./configure: line 17002: -V: command not found
configure:17011: $? = 127
configure:17000:  -qversion >&5
./configure: line 17002: -qversion: command not found
configure:17011: $? = 127
configure:17020: checking whether we are using the GNU Fortran 77 compiler
configure:17033:  -c  conftest.F >&5
./configure: line 2326: -c: command not found
configure:17033: $? = 127
configure: failed program was:
|       program main
| #ifndef __GNUC__
|        choke me
| #endif
| 
|       end
configure:17042: result: no
configure:17048: checking whether  accepts -g
configure:17059:  -c -g conftest.f >&5
./configure: line 2326: -c: command not found
configure:17059: $? = 127
configure: failed program was:
|       program main
| 
|       end
configure:17067: result: no
configure:19821: WARNING: *** Couldn't find f77 compiler; using default Fortran wrappers.
configure:21250: checking whether a cycle counter is available
configure:21261: gcc -E  -I./kernel conftest.c
configure:21261: $? = 0
configure:21268: result: yes
configure:21395: checking that generated files are newer than configure
configure:21401: result: done
configure:21508: creating ./config.status

## ---------------------- ##
## Running config.status. ##
## ---------------------- ##

This file was extended by fftw config.status 3.3.5, which was
generated by GNU Autoconf 2.69.  Invocation command line was

  CONFIG_FILES    = 
  CONFIG_HEADERS  = 
  CONFIG_LINKS    = 
  CONFIG_COMMANDS = 
  $ ./config.status 

on idong-gyuui-MacBook-Pro-4.local

config.status:1305: creating Makefile
config.status:1305: creating support/Makefile
config.status:1305: creating genfft/Makefile
config.status:1305: creating kernel/Makefile
config.status:1305: creating simd-support/Makefile
config.status:1305: creating dft/Makefile
config.status:1305: creating dft/scalar/Makefile
config.status:1305: creating dft/scalar/codelets/Makefile
config.status:1305: creating dft/simd/Makefile
config.status:1305: creating dft/simd/common/Makefile
config.status:1305: creating dft/simd/sse2/Makefile
config.status:1305: creating dft/simd/avx/Makefile
config.status:1305: creating dft/simd/avx-128-fma/Makefile
config.status:1305: creating dft/simd/avx2/Makefile
config.status:1305: creating dft/simd/avx2-128/Makefile
config.status:1305: creating dft/simd/avx512/Makefile
config.status:1305: creating dft/simd/kcvi/Makefile
config.status:1305: creating dft/simd/altivec/Makefile
config.status:1305: creating dft/simd/vsx/Makefile
config.status:1305: creating dft/simd/neon/Makefile
config.status:1305: creating dft/simd/generic-simd128/Makefile
config.status:1305: creating dft/simd/generic-simd256/Makefile
config.status:1305: creating rdft/Makefile
config.status:1305: creating rdft/scalar/Makefile
config.status:1305: creating rdft/scalar/r2cf/Makefile
config.status:1305: creating rdft/scalar/r2cb/Makefile
config.status:1305: creating rdft/scalar/r2r/Makefile
config.status:1305: creating rdft/simd/Makefile
config.status:1305: creating rdft/simd/common/Makefile
config.status:1305: creating rdft/simd/sse2/Makefile
config.status:1305: creating rdft/simd/avx/Makefile
config.status:1305: creating rdft/simd/avx-128-fma/Makefile
config.status:1305: creating rdft/simd/avx2/Makefile
config.status:1305: creating rdft/simd/avx2-128/Makefile
config.status:1305: creating rdft/simd/avx512/Makefile
config.status:1305: creating rdft/simd/kcvi/Makefile
config.status:1305: creating rdft/simd/altivec/Makefile
config.status:1305: creating rdft/simd/vsx/Makefile
config.status:1305: creating rdft/simd/neon/Makefile
config.status:1305: creating rdft/simd/generic-simd128/Makefile
config.status:1305: creating rdft/simd/generic-simd256/Makefile
config.status:1305: creating reodft/Makefile
config.status:1305: creating threads/Makefile
config.status:1305: creating api/Makefile
config.status:1305: creating mpi/Makefile
config.status:1305: creating libbench2/Makefile
config.status:1305: creating tests/Makefile
config.status:1305: creating doc/Makefile
config.status:1305: creating doc/FAQ/Makefile
config.status:1305: creating tools/Makefile
config.status:1305: creating tools/fftw_wisdom.1
config.status:1305: creating tools/fftw-wisdom-to-conf
config.status:1305: creating m4/Makefile
config.status:1305: creating fftw.pc
config.status:1305: creating config.h
config.status:1534: executing depfiles commands
config.status:1534: executing libtool commands

## ---------------- ##
## Cache variables. ##
## ---------------- ##

ac_cv_build=x86_64-apple-darwin16.0.0
ac_cv_c_compiler_gnu=yes
ac_cv_c_const=yes
ac_cv_c_inline=inline
ac_cv_env_CC_set=
ac_cv_env_CC_value=
ac_cv_env_CFLAGS_set=
ac_cv_env_CFLAGS_value=
ac_cv_env_CPPFLAGS_set=
ac_cv_env_CPPFLAGS_value=
ac_cv_env_CPP_set=
ac_cv_env_CPP_value=
ac_cv_env_F77_set=
ac_cv_env_F77_value=
ac_cv_env_FFLAGS_set=
ac_cv_env_FFLAGS_value=
ac_cv_env_LDFLAGS_set=
ac_cv_env_LDFLAGS_value=
ac_cv_env_LIBS_set=
ac_cv_env_LIBS_value=
ac_cv_env_MPICC_set=
ac_cv_env_MPICC_value=
ac_cv_env_build_alias_set=
ac_cv_env_build_alias_value=
ac_cv_env_host_alias_set=
ac_cv_env_host_alias_value=
ac_cv_env_target_alias_set=
ac_cv_env_target_alias_value=
ac_cv_f77_compiler_gnu=no
ac_cv_func_BSDgettimeofday=no
ac_cv_func__doprnt=no
ac_cv_func__mm_free=no
ac_cv_func__mm_malloc=no
ac_cv_func_abort=yes
ac_cv_func_alloca_works=yes
ac_cv_func_clock_gettime=yes
ac_cv_func_cosl=yes
ac_cv_func_drand48=yes
ac_cv_func_gethrtime=no
ac_cv_func_gettimeofday=yes
ac_cv_func_mach_absolute_time=yes
ac_cv_func_memalign=no
ac_cv_func_memset=yes
ac_cv_func_posix_memalign=yes
ac_cv_func_read_real_time=no
ac_cv_func_sinl=yes
ac_cv_func_snprintf=yes
ac_cv_func_sqrt=yes
ac_cv_func_strtod=yes
ac_cv_func_sysctl=yes
ac_cv_func_time_base_to_time=no
ac_cv_func_vprintf=yes
ac_cv_have_decl_cosl=yes
ac_cv_have_decl_cosq=no
ac_cv_have_decl_drand48=yes
ac_cv_have_decl_memalign=no
ac_cv_have_decl_posix_memalign=yes
ac_cv_have_decl_sinl=yes
ac_cv_have_decl_sinq=no
ac_cv_have_decl_srand48=yes
ac_cv_header_altivec_h=no
ac_cv_header_c_asm_h=no
ac_cv_header_dlfcn_h=yes
ac_cv_header_intrinsics_h=no
ac_cv_header_inttypes_h=yes
ac_cv_header_libintl_h=no
ac_cv_header_limits_h=yes
ac_cv_header_mach_mach_time_h=yes
ac_cv_header_malloc_h=no
ac_cv_header_memory_h=yes
ac_cv_header_stdc=yes
ac_cv_header_stddef_h=yes
ac_cv_header_stdint_h=yes
ac_cv_header_stdlib_h=yes
ac_cv_header_string_h=yes
ac_cv_header_strings_h=yes
ac_cv_header_sys_stat_h=yes
ac_cv_header_sys_sysctl_h=yes
ac_cv_header_sys_time_h=yes
ac_cv_header_sys_types_h=yes
ac_cv_header_time=yes
ac_cv_header_unistd_h=yes
ac_cv_host=x86_64-apple-darwin16.0.0
ac_cv_lib_m_sin=yes
ac_cv_objext=o
ac_cv_path_EGREP='/usr/bin/grep -E'
ac_cv_path_FGREP='/usr/bin/grep -F'
ac_cv_path_GREP=/usr/bin/grep
ac_cv_path_SED=/usr/bin/sed
ac_cv_path_install='/usr/bin/install -c'
ac_cv_prog_AWK=awk
ac_cv_prog_CPP='gcc -E'
ac_cv_prog_ac_ct_AR=ar
ac_cv_prog_ac_ct_CC=gcc
ac_cv_prog_ac_ct_DLLTOOL=dlltool
ac_cv_prog_ac_ct_DSYMUTIL=dsymutil
ac_cv_prog_ac_ct_LIPO=lipo
ac_cv_prog_ac_ct_NMEDIT=nmedit
ac_cv_prog_ac_ct_OBJDUMP=objdump
ac_cv_prog_ac_ct_OTOOL=otool
ac_cv_prog_ac_ct_RANLIB=ranlib
ac_cv_prog_ac_ct_STRIP=strip
ac_cv_prog_cc_c89=
ac_cv_prog_cc_c99=
ac_cv_prog_cc_g=yes
ac_cv_prog_cc_stdc=
ac_cv_prog_f77_g=no
ac_cv_prog_make_make_set=yes
ac_cv_sizeof_double=8
ac_cv_sizeof_fftw_r2r_kind=4
ac_cv_sizeof_float=4
ac_cv_sizeof_int=4
ac_cv_sizeof_long=8
ac_cv_sizeof_long_long=8
ac_cv_sizeof_ptrdiff_t=8
ac_cv_sizeof_size_t=8
ac_cv_sizeof_unsigned_int=4
ac_cv_sizeof_unsigned_long=8
ac_cv_sizeof_unsigned_long_long=8
ac_cv_type_hrtime_t=no
ac_cv_type_long_double=yes
ac_cv_type_size_t=yes
ac_cv_type_uintptr_t=yes
ac_cv_working_alloca_h=yes
am_cv_CC_dependencies_compiler_type=gcc3
am_cv_make_support_nested_variables=yes
am_cv_prog_cc_c_o=yes
ax_cv_c_compiler_vendor=clang
ax_cv_c_flags__O3__fomit_frame_pointer__mtune_native__fstrict_aliasing__ffast_math=yes
ax_cv_c_flags__ffast_math=yes
ax_cv_c_flags__fstrict_aliasing=yes
ax_cv_c_flags__mpreferred_stack_boundary_4=no
ax_cv_c_flags__mtune_native=yes
lt_cv_apple_cc_single_mod=yes
lt_cv_ar_at_file=no
lt_cv_deplibs_check_method=pass_all
lt_cv_file_magic_cmd='$MAGIC_CMD'
lt_cv_file_magic_test_file=
lt_cv_ld_exported_symbols_list=yes
lt_cv_ld_force_load=yes
lt_cv_ld_reload_flag=-r
lt_cv_nm_interface='BSD nm'
lt_cv_objdir=.libs
lt_cv_path_LD=/Applications/Xcode.app/Contents/Developer/Toolchains/XcodeDefault.xctoolchain/usr/bin/ld
lt_cv_path_NM='/usr/bin/nm -B'
lt_cv_path_mainfest_tool=no
lt_cv_prog_compiler_c_o=yes
lt_cv_prog_compiler_pic='-fno-common -DPIC'
lt_cv_prog_compiler_pic_works=yes
lt_cv_prog_compiler_rtti_exceptions=yes
lt_cv_prog_compiler_static_works=no
lt_cv_prog_gnu_ld=no
lt_cv_sharedlib_from_linklib_cmd='printf %s\n'
lt_cv_sys_global_symbol_pipe='sed -n -e '\''s/^.*[	 ]\([BCDEGRST][BCDEGRST]*\)[	 ][	 ]*_\([_A-Za-z][_A-Za-z0-9]*\)$/\1 _\2 \2/p'\'' | sed '\''/ __gnu_lto/d'\'''
lt_cv_sys_global_symbol_to_c_name_address='sed -n -e '\''s/^: \([^ ]*\)[ ]*$/  {\"\1\", (void *) 0},/p'\'' -e '\''s/^[BCDEGRST]* \([^ ]*\) \([^ ]*\)$/  {"\2", (void *) \&\2},/p'\'''
lt_cv_sys_global_symbol_to_c_name_address_lib_prefix='sed -n -e '\''s/^: \([^ ]*\)[ ]*$/  {\"\1\", (void *) 0},/p'\'' -e '\''s/^[BCDEGRST]* \([^ ]*\) \(lib[^ ]*\)$/  {"\2", (void *) \&\2},/p'\'' -e '\''s/^[BCDEGRST]* \([^ ]*\) \([^ ]*\)$/  {"lib\2", (void *) \&\2},/p'\'''
lt_cv_sys_global_symbol_to_cdecl='sed -n -e '\''s/^T .* \(.*\)$/extern int \1();/p'\'' -e '\''s/^[BCDEGRST]* .* \(.*\)$/extern char \1;/p'\'''
lt_cv_sys_max_cmd_len=196608
lt_cv_to_host_file_cmd=func_convert_file_noop
lt_cv_to_tool_file_cmd=func_convert_file_noop

## ----------------- ##
## Output variables. ##
## ----------------- ##

ACLOCAL='${SHELL} /Users/IronFactory/SSU/ChangGong/FFT-Library/FFT/FFT/fftw-3.3.5/missing aclocal-1.14'
ALLOCA=''
ALTIVEC_CFLAGS=''
AMDEPBACKSLASH='\'
AMDEP_FALSE='#'
AMDEP_TRUE=''
AMTAR='$${TAR-tar}'
AM_BACKSLASH='\'
AM_DEFAULT_V='$(AM_DEFAULT_VERBOSITY)'
AM_DEFAULT_VERBOSITY='1'
AM_V='$(V)'
AR='ar'
AS='as'
AUTOCONF='${SHELL} /Users/IronFactory/SSU/ChangGong/FFT-Library/FFT/FFT/fftw-3.3.5/missing autoconf'
AUTOHEADER='${SHELL} /Users/IronFactory/SSU/ChangGong/FFT-Library/FFT/FFT/fftw-3.3.5/missing autoheader'
AUTOMAKE='${SHELL} /Users/IronFactory/SSU/ChangGong/FFT-Library/FFT/FFT/fftw-3.3.5/missing automake-1.14'
AVX2_CFLAGS=''
AVX512_CFLAGS=''
AVX_128_FMA_CFLAGS=''
AVX_CFLAGS=''
AWK='awk'
BUILD_DOC_FALSE='#'
BUILD_DOC_TRUE=''
CC='gcc'
CCDEPMODE='depmode=gcc3'
CFLAGS='-O3 -fomit-frame-pointer -mtune=native -fstrict-aliasing -ffast-math'
CHECK_PL_OPTS=''
COMBINED_THREADS_FALSE=''
COMBINED_THREADS_TRUE='#'
CPP='gcc -E'
CPPFLAGS=''
CYGPATH_W='echo'
C_FFTW_R2R_KIND='C_INT32_T'
C_MPI_FINT=''
DEFS='-DHAVE_CONFIG_H'
DEPDIR='.deps'
DLLTOOL='dlltool'
DSYMUTIL='dsymutil'
DUMPBIN=''
ECHO_C='\c'
ECHO_N=''
ECHO_T=''
EGREP='/usr/bin/grep -E'
EXEEXT=''
F77=''
FFLAGS=''
FGREP='/usr/bin/grep -F'
FLIBS=''
GREP='/usr/bin/grep'
HAVE_ALTIVEC_FALSE=''
HAVE_ALTIVEC_TRUE='#'
HAVE_AVX2_FALSE=''
HAVE_AVX2_TRUE='#'
HAVE_AVX512_FALSE=''
HAVE_AVX512_TRUE='#'
HAVE_AVX_128_FMA_FALSE=''
HAVE_AVX_128_FMA_TRUE='#'
HAVE_AVX_FALSE=''
HAVE_AVX_TRUE='#'
HAVE_GENERIC_SIMD128_FALSE=''
HAVE_GENERIC_SIMD128_TRUE='#'
HAVE_GENERIC_SIMD256_FALSE=''
HAVE_GENERIC_SIMD256_TRUE='#'
HAVE_KCVI_FALSE=''
HAVE_KCVI_TRUE='#'
HAVE_NEON_FALSE=''
HAVE_NEON_TRUE='#'
HAVE_SSE2_FALSE=''
HAVE_SSE2_TRUE='#'
HAVE_VSX_FALSE=''
HAVE_VSX_TRUE='#'
INDENT=''
INSTALL_DATA='${INSTALL} -m 644'
INSTALL_PROGRAM='${INSTALL}'
INSTALL_SCRIPT='${INSTALL}'
INSTALL_STRIP_PROGRAM='$(install_sh) -c -s'
KCVI_CFLAGS=''
LD='/Applications/Xcode.app/Contents/Developer/Toolchains/XcodeDefault.xctoolchain/usr/bin/ld'
LDFLAGS=''
LDOUBLE_FALSE=''
LDOUBLE_TRUE='#'
LIBOBJS=''
LIBQUADMATH=''
LIBS='-lm '
LIBTOOL='$(SHELL) $(top_builddir)/libtool'
LIPO='lipo'
LN_S='ln -s'
LTLIBOBJS=''
MAINT='#'
MAINTAINER_MODE_FALSE=''
MAINTAINER_MODE_TRUE='#'
MAKEINFO='${SHELL} /Users/IronFactory/SSU/ChangGong/FFT-Library/FFT/FFT/fftw-3.3.5/missing makeinfo'
MANIFEST_TOOL=':'
MKDIR_P='./install-sh -c -d'
MPICC=''
MPILIBS=''
MPIRUN=''
MPI_FALSE=''
MPI_TRUE='#'
NEON_CFLAGS=''
NM='/usr/bin/nm -B'
NMEDIT='nmedit'
OBJDUMP='objdump'
OBJEXT='o'
OCAMLBUILD=''
OPENMP_CFLAGS=''
OPENMP_FALSE=''
OPENMP_TRUE='#'
OTOOL64=':'
OTOOL='otool'
PACKAGE='fftw'
PACKAGE_BUGREPORT='fftw@fftw.org'
PACKAGE_NAME='fftw'
PACKAGE_STRING='fftw 3.3.5'
PACKAGE_TARNAME='fftw'
PACKAGE_URL=''
PACKAGE_VERSION='3.3.5'
PATH_SEPARATOR=':'
POW_LIB=''
PRECISION='d'
PREC_SUFFIX=''
PTHREAD_CC=''
PTHREAD_CFLAGS=''
PTHREAD_LIBS=''
QUAD_FALSE=''
QUAD_TRUE='#'
RANLIB='ranlib'
SED='/usr/bin/sed'
SET_MAKE=''
SHARED_VERSION_INFO='8:5:5'
SHELL='/bin/sh'
SINGLE_FALSE=''
SINGLE_TRUE='#'
SMP_FALSE=''
SMP_TRUE='#'
SSE2_CFLAGS=''
STACK_ALIGN_CFLAGS=''
STRIP='strip'
THREADLIBS=''
THREADS_FALSE=''
THREADS_TRUE='#'
VERSION='3.3.5'
VSX_CFLAGS=''
ac_ct_AR='ar'
ac_ct_CC='gcc'
ac_ct_DUMPBIN=''
ac_ct_F77=''
acx_pthread_config=''
am__EXEEXT_FALSE=''
am__EXEEXT_TRUE='#'
am__fastdepCC_FALSE='#'
am__fastdepCC_TRUE=''
am__include='include'
am__isrc=''
am__leading_dot='.'
am__nodep='_no'
am__quote=''
am__tar='$${TAR-tar} chof - "$$tardir"'
am__untar='$${TAR-tar} xf -'
bindir='${exec_prefix}/bin'
build='x86_64-apple-darwin16.0.0'
build_alias=''
build_cpu='x86_64'
build_os='darwin16.0.0'
build_vendor='apple'
datadir='${datarootdir}'
datarootdir='${prefix}/share'
docdir='${datarootdir}/doc/${PACKAGE_TARNAME}'
dvidir='${docdir}'
exec_prefix='${prefix}'
host='x86_64-apple-darwin16.0.0'
host_alias=''
host_cpu='x86_64'
host_os='darwin16.0.0'
host_vendor='apple'
htmldir='${docdir}'
includedir='${prefix}/include'
infodir='${datarootdir}/info'
install_sh='${SHELL} /Users/IronFactory/SSU/ChangGong/FFT-Library/FFT/FFT/fftw-3.3.5/install-sh'
libdir='${exec_prefix}/lib'
libexecdir='${exec_prefix}/libexec'
localedir='${datarootdir}/locale'
localstatedir='${prefix}/var'
mandir='${datarootdir}/man'
mkdir_p='$(MKDIR_P)'
oldincludedir='/usr/include'
pdfdir='${docdir}'
prefix='/usr/local'
program_transform_name='s,x,x,'
psdir='${docdir}'
sbindir='${exec_prefix}/sbin'
sharedstatedir='${prefix}/com'
sysconfdir='${prefix}/etc'
target_alias=''

## ----------- ##
## confdefs.h. ##
## ----------- ##

/* confdefs.h */
#define PACKAGE_NAME "fftw"
#define PACKAGE_TARNAME "fftw"
#define PACKAGE_VERSION "3.3.5"
#define PACKAGE_STRING "fftw 3.3.5"
#define PACKAGE_BUGREPORT "fftw@fftw.org"
#define PACKAGE_URL ""
#define PACKAGE "fftw"
#define VERSION "3.3.5"
#define FFTW_ENABLE_ALLOCA 1
#define STDC_HEADERS 1
#define HAVE_SYS_TYPES_H 1
#define HAVE_SYS_STAT_H 1
#define HAVE_STDLIB_H 1
#define HAVE_STRING_H 1
#define HAVE_MEMORY_H 1
#define HAVE_STRINGS_H 1
#define HAVE_INTTYPES_H 1
#define HAVE_STDINT_H 1
#define HAVE_UNISTD_H 1
#define HAVE_DLFCN_H 1
#define LT_OBJDIR ".libs/"
#define STDC_HEADERS 1
#define HAVE_STDDEF_H 1
#define HAVE_STDLIB_H 1
#define HAVE_STRING_H 1
#define HAVE_STRINGS_H 1
#define HAVE_SYS_TIME_H 1
#define HAVE_UNISTD_H 1
#define HAVE_LIMITS_H 1
#define HAVE_STDINT_H 1
#define HAVE_MACH_MACH_TIME_H 1
#define HAVE_SYS_SYSCTL_H 1
#define TIME_WITH_SYS_TIME 1
#define HAVE_LONG_DOUBLE 1
#define SIZEOF_INT 4
#define SIZEOF_UNSIGNED_INT 4
#define SIZEOF_LONG 8
#define SIZEOF_UNSIGNED_LONG 8
#define SIZEOF_LONG_LONG 8
#define SIZEOF_UNSIGNED_LONG_LONG 8
#define SIZEOF_SIZE_T 8
#define SIZEOF_PTRDIFF_T 8
#define HAVE_UINTPTR_T 1
#define SIZEOF_FLOAT 4
#define SIZEOF_DOUBLE 8
#define SIZEOF_FFTW_R2R_KIND 4
#define HAVE_ALLOCA_H 1
#define HAVE_ALLOCA 1
#define HAVE_VPRINTF 1
#define HAVE_LIBM 1
#define HAVE_GETTIMEOFDAY 1
#define HAVE_DRAND48 1
#define HAVE_SQRT 1
#define HAVE_MEMSET 1
#define HAVE_POSIX_MEMALIGN 1
#define HAVE_CLOCK_GETTIME 1
#define HAVE_MACH_ABSOLUTE_TIME 1
#define HAVE_SYSCTL 1
#define HAVE_ABORT 1
#define HAVE_SINL 1
#define HAVE_COSL 1
#define HAVE_SNPRINTF 1
#define HAVE_DECL_SINL 1
#define HAVE_DECL_COSL 1
#define HAVE_DECL_SINQ 0
#define HAVE_DECL_COSQ 0
#define HAVE_DECL_MEMALIGN 0
#define HAVE_DECL_DRAND48 1
#define HAVE_DECL_SRAND48 1
#define HAVE_DECL_POSIX_MEMALIGN 1
#define HAVE_ISNAN 1
#define FFTW_CC "gcc -O3 -fomit-frame-pointer -mtune=native -fstrict-aliasing -ffast-math"

configure: exit 0
